2025-05-01 00:38:55 - INFO - read in data.
2025-05-01 00:38:59 - INFO - starting training!
2025-05-01 01:22:05 - INFO - epoch 0
training loss: 1.0077
val loss: 0.9882
2025-05-01 01:22:05 - INFO - val metrics: {'accuracy': 0.8208533903845011, 'precision': 0.7270479992506145, 'recall': 0.7475711212723881, 'f1': 0.7361388647418918, 'best_threshold': 0.9}

2025-05-01 02:05:14 - INFO - epoch 1
training loss: 0.9798
val loss: 0.9832
2025-05-01 02:05:14 - INFO - val metrics: {'accuracy': 0.8493789742675462, 'precision': 0.7730731926791399, 'recall': 0.7352068397252833, 'f1': 0.7511350381713378, 'best_threshold': 0.88}

2025-05-01 02:48:22 - INFO - epoch 2
training loss: 0.9727
val loss: 0.9794
2025-05-01 02:48:22 - INFO - val metrics: {'accuracy': 0.8457241338325311, 'precision': 0.7637565922864402, 'recall': 0.7453372048807385, 'f1': 0.753799894667373, 'best_threshold': 0.89}

2025-05-01 03:31:29 - INFO - epoch 3
training loss: 0.9674
val loss: 0.9739
2025-05-01 03:31:29 - INFO - val metrics: {'accuracy': 0.8411778689011707, 'precision': 0.7552055446550652, 'recall': 0.7596283720048611, 'f1': 0.757371479615037, 'best_threshold': 0.87}

2025-05-01 04:14:37 - INFO - epoch 4
training loss: 0.9634
val loss: 0.9757
2025-05-01 04:14:37 - INFO - val metrics: {'accuracy': 0.8344327568788257, 'precision': 0.7456321461198958, 'recall': 0.7611443176041774, 'f1': 0.7527933872726167, 'best_threshold': 0.89}

2025-05-01 04:57:48 - INFO - epoch 5
training loss: 0.9589
val loss: 0.9786
2025-05-01 04:57:48 - INFO - val metrics: {'accuracy': 0.8477446960242467, 'precision': 0.7676075084534228, 'recall': 0.7451952597285261, 'f1': 0.7553179074761297, 'best_threshold': 0.9}

2025-05-01 05:41:07 - INFO - epoch 6
training loss: 0.9576
val loss: 0.9741
2025-05-01 05:41:07 - INFO - val metrics: {'accuracy': 0.844327568788257, 'precision': 0.7601308817688991, 'recall': 0.7597071270197244, 'f1': 0.7599185988573469, 'best_threshold': 0.9}

2025-05-01 06:24:15 - INFO - epoch 7
training loss: 0.9534
val loss: 0.9801
2025-05-01 06:24:15 - INFO - val metrics: {'accuracy': 0.846764129078267, 'precision': 0.7658536748262843, 'recall': 0.7443624816377303, 'f1': 0.7541027079533096, 'best_threshold': 0.9}

2025-05-01 07:07:23 - INFO - epoch 8
training loss: 0.9506
val loss: 0.9759
2025-05-01 07:07:23 - INFO - val metrics: {'accuracy': 0.8520532477565816, 'precision': 0.7755980611681822, 'recall': 0.7482806021315316, 'f1': 0.7603937094473525, 'best_threshold': 0.9}

2025-05-01 07:50:14 - INFO - epoch 9
training loss: 0.9463
val loss: 0.9770
2025-05-01 07:50:14 - INFO - val metrics: {'accuracy': 0.8494681167171807, 'precision': 0.7701793983937647, 'recall': 0.7497500707888997, 'f1': 0.7590757763899321, 'best_threshold': 0.84}

2025-05-01 08:31:48 - INFO - epoch 10
training loss: 0.9451
val loss: 0.9742
2025-05-01 08:31:48 - INFO - val metrics: {'accuracy': 0.8423367207464194, 'precision': 0.7570080412999782, 'recall': 0.7585655058400971, 'f1': 0.7577811976605138, 'best_threshold': 0.9}

2025-05-01 09:13:21 - INFO - epoch 11
training loss: 0.9425
val loss: 0.9739
2025-05-01 09:13:21 - INFO - val metrics: {'accuracy': 0.8576097937837999, 'precision': 0.7874287938371012, 'recall': 0.7490025702674082, 'f1': 0.765327501855684, 'best_threshold': 0.9}

2025-05-01 09:55:12 - INFO - epoch 12
training loss: 0.9379
val loss: 0.9708
2025-05-01 09:55:12 - INFO - val metrics: {'accuracy': 0.8467938432281452, 'precision': 0.763929777556417, 'recall': 0.7636432205932429, 'f1': 0.7637863172769473, 'best_threshold': 0.9}

2025-05-01 10:37:06 - INFO - epoch 13
training loss: 0.9347
val loss: 0.9719
2025-05-01 10:37:06 - INFO - val metrics: {'accuracy': 0.8505378261127949, 'precision': 0.7709333139201848, 'recall': 0.7580181010709022, 'f1': 0.7641211119525184, 'best_threshold': 0.9}

2025-05-01 11:19:01 - INFO - epoch 14
training loss: 0.9310
val loss: 0.9718
2025-05-01 11:19:01 - INFO - val metrics: {'accuracy': 0.8531823854519522, 'precision': 0.7761888118955025, 'recall': 0.7564231718815981, 'f1': 0.7654981799197351, 'best_threshold': 0.88}

2025-05-01 11:19:04 - INFO - training over! best epoch was 14
2025-05-01 23:24:19 - INFO - read in data.
2025-05-01 23:24:20 - INFO - Resuming training from all-MiniLM-L12-v2-e14-V1.pth
2025-05-01 23:24:22 - INFO - starting training!
2025-05-02 00:05:54 - INFO - epoch 0
training loss: 0.9295
val loss: 0.9722
2025-05-02 00:05:54 - INFO - val metrics: {'accuracy': 0.8477149818743686, 'precision': 0.765852005971711, 'recall': 0.7585786679576735, 'f1': 0.7620997202887997, 'best_threshold': 0.87}

2025-05-02 00:47:30 - INFO - epoch 1
training loss: 0.9246
val loss: 0.9688
2025-05-02 00:47:30 - INFO - val metrics: {'accuracy': 0.8557675164913532, 'precision': 0.7807862981512004, 'recall': 0.7589688973964308, 'f1': 0.768915439936925, 'best_threshold': 0.88}

2025-05-02 01:29:04 - INFO - epoch 2
training loss: 0.9216
val loss: 0.9673
2025-05-02 01:29:04 - INFO - val metrics: {'accuracy': 0.8579069352825816, 'precision': 0.784632551135488, 'recall': 0.7611262220735009, 'f1': 0.7717830734914038, 'best_threshold': 0.9}

2025-05-02 02:10:36 - INFO - epoch 3
training loss: 0.9212
val loss: 0.9682
2025-05-02 02:10:36 - INFO - val metrics: {'accuracy': 0.8492601176680336, 'precision': 0.7678861073326585, 'recall': 0.7654631983192501, 'f1': 0.7666619308872689, 'best_threshold': 0.9}

2025-05-02 02:52:08 - INFO - epoch 4
training loss: 0.9178
val loss: 0.9711
2025-05-02 02:52:08 - INFO - val metrics: {'accuracy': 0.8530932430023177, 'precision': 0.7760664726962343, 'recall': 0.7561501579435062, 'f1': 0.7652876735602638, 'best_threshold': 0.87}

2025-05-02 03:33:42 - INFO - epoch 5
training loss: 0.9155
val loss: 0.9685
2025-05-02 03:33:42 - INFO - val metrics: {'accuracy': 0.8507161110120639, 'precision': 0.7703550555194025, 'recall': 0.7655635890580849, 'f1': 0.7679102381630303, 'best_threshold': 0.9}

2025-05-02 04:15:18 - INFO - epoch 6
training loss: 0.9138
val loss: 0.9701
2025-05-02 04:15:18 - INFO - val metrics: {'accuracy': 0.8463184168300945, 'precision': 0.7631430887238198, 'recall': 0.7639415328995605, 'f1': 0.7635408928346334, 'best_threshold': 0.9}

2025-05-02 04:56:52 - INFO - epoch 7
training loss: 0.9123
val loss: 0.9718
2025-05-02 04:56:52 - INFO - val metrics: {'accuracy': 0.8443869970880133, 'precision': 0.7601108985900739, 'recall': 0.7628914887108188, 'f1': 0.7614837016894652, 'best_threshold': 0.88}

2025-05-02 04:56:55 - INFO - early stopping triggered after 8 epochs.
2025-05-02 04:56:55 - INFO - training over! best epoch was 2
