2025-05-12 16:07:24 - INFO - read in data.
2025-05-12 16:07:27 - INFO - starting training with arguments:
2025-05-12 16:07:27 - INFO -   model_name: bert-base-cased
2025-05-12 16:07:27 - INFO -   data_dir: data/
2025-05-12 16:07:27 - INFO -   workers: 1
2025-05-12 16:07:27 - INFO -   pooling: cls
2025-05-12 16:07:27 - INFO -   sentence_transformers: False
2025-05-12 16:07:27 - INFO -   num_epochs: 15
2025-05-12 16:07:27 - INFO -   batch_size: 32
2025-05-12 16:07:27 - INFO -   balanced_data: False
2025-05-12 16:07:27 - INFO -   bert_lr: 2e-05
2025-05-12 16:07:27 - INFO -   mlp_lr: 0.0004
2025-05-12 16:07:27 - INFO -   weight_decay: 0.01
2025-05-12 16:07:27 - INFO -   scheduler: linear
2025-05-12 16:07:27 - INFO -   warmup_ratio: 0.06
2025-05-12 17:46:47 - INFO - epoch 0
training loss: 0.8799
val loss: 0.7462
2025-05-12 17:46:47 - INFO - val metrics: {'accuracy': 0.8593332144767338, 'precision': 0.7958512948445182, 'recall': 0.738419014110971, 'f1': 0.7609191557457307, 'best_threshold': 0.32}

2025-05-12 19:26:04 - INFO - epoch 1
training loss: 0.7170
val loss: 0.7139
2025-05-12 19:26:04 - INFO - val metrics: {'accuracy': 0.8607892078207643, 'precision': 0.7915539632022135, 'recall': 0.7584325975686932, 'f1': 0.7728877475614853, 'best_threshold': 0.38}

2025-05-12 21:06:00 - INFO - epoch 2
training loss: 0.5956
val loss: 0.7191
2025-05-12 21:06:00 - INFO - val metrics: {'accuracy': 0.860581208771617, 'precision': 0.7883565365221109, 'recall': 0.7682857119828588, 'f1': 0.777535240441635, 'best_threshold': 0.84}

2025-05-12 22:45:46 - INFO - epoch 3
training loss: 0.4425
val loss: 0.8070
2025-05-12 22:45:46 - INFO - val metrics: {'accuracy': 0.8578475069828252, 'precision': 0.7857081655868234, 'recall': 0.7564768571033602, 'f1': 0.7694069014497382, 'best_threshold': 0.84}

2025-05-13 00:24:59 - INFO - epoch 4
training loss: 0.3135
val loss: 1.0274
2025-05-13 00:24:59 - INFO - val metrics: {'accuracy': 0.8366613181196886, 'precision': 0.749335230103422, 'recall': 0.7712794882795084, 'f1': 0.7591351308809025, 'best_threshold': 0.9}

2025-05-13 02:04:13 - INFO - epoch 5
training loss: 0.2219
val loss: 1.4326
2025-05-13 02:04:13 - INFO - val metrics: {'accuracy': 0.8556189457419623, 'precision': 0.7833061143597493, 'recall': 0.7478609490877809, 'f1': 0.7630778183699427, 'best_threshold': 0.88}

BEST (labelled)
training loss: 0.5956
val loss: 0.7191
{'accuracy': 0.860581208771617, 'precision': 0.7883565365221109, 'recall': 0.7682857119828588, 'f1': 0.777535240441635, 'best_threshold': 0.84}
