2025-05-11 14:03:57 - INFO - read in data.
2025-05-11 14:04:07 - INFO - starting training with arguments:
2025-05-11 14:04:07 - INFO -   model_name: roberta-base
2025-05-11 14:04:07 - INFO -   data_dir: data/
2025-05-11 14:04:07 - INFO -   workers: 1
2025-05-11 14:04:07 - INFO -   pooling: mean
2025-05-11 14:04:07 - INFO -   sentence_transformers: False
2025-05-11 14:04:07 - INFO -   num_epochs: 15
2025-05-11 14:04:07 - INFO -   batch_size: 16
2025-05-11 14:04:07 - INFO -   bert-lr: 1e-5
2025-05-11 14:04:07 - INFO -   mlp-lr 1e-4
2025-05-11 14:04:07 - INFO -   linear scheduler, 10% warmup. weight decay 0.01
2025-05-11 15:53:05 - INFO - epoch 0
training loss: 0.9975
val loss: 0.7997
2025-05-11 15:53:05 - INFO - val metrics: {'accuracy': 0.8470018422772925, 'precision': 0.768977047965056, 'recall': 0.730892647521392, 'f1': 0.7468323336342813, 'best_threshold': 0.45999999999999996}

2025-05-11 17:42:03 - INFO - epoch 1
training loss: 0.8056
val loss: 0.7305
2025-05-11 17:42:03 - INFO - val metrics: {'accuracy': 0.85695608248648, 'precision': 0.7846979846141151, 'recall': 0.7532041239153858, 'f1': 0.766985441082143, 'best_threshold': 0.63}

2025-05-11 19:31:02 - INFO - epoch 2
training loss: 0.7261
val loss: 0.6863
2025-05-11 19:31:02 - INFO - val metrics: {'accuracy': 0.86800974624116, 'precision': 0.8050536665534107, 'recall': 0.7671446595199098, 'f1': 0.7835028590336635, 'best_threshold': 0.5}

2025-05-11 21:20:01 - INFO - epoch 3
training loss: 0.6545
val loss: 0.6712
2025-05-11 21:20:01 - INFO - val metrics: {'accuracy': 0.8703274499316574, 'precision': 0.8068866325726312, 'recall': 0.7763591377578137, 'f1': 0.7899520715735562, 'best_threshold': 0.43000000000000005}

2025-05-11 23:08:59 - INFO - epoch 4
training loss: 0.5893
val loss: 0.6666
2025-05-11 23:08:59 - INFO - val metrics: {'accuracy': 0.8667617519462768, 'precision': 0.79655170712798, 'recall': 0.7856230698565472, 'f1': 0.7908625218943311, 'best_threshold': 0.89}

2025-05-12 00:57:59 - INFO - epoch 5
training loss: 0.5100
val loss: 0.7179
2025-05-12 00:57:59 - INFO - val metrics: {'accuracy': 0.8712188744280026, 'precision': 0.8092145249501123, 'recall': 0.7756709361542928, 'f1': 0.7904459343621435, 'best_threshold': 0.73}

2025-05-12 02:46:39 - INFO - epoch 6
training loss: 0.4333
val loss: 0.7642
2025-05-12 02:46:39 - INFO - val metrics: {'accuracy': 0.8665537528971297, 'precision': 0.7986049765485332, 'recall': 0.7762683635009957, 'f1': 0.7865081553208698, 'best_threshold': 0.85}

2025-05-12 04:34:57 - INFO - epoch 7
training loss: 0.3696
val loss: 0.8253
2025-05-12 04:34:57 - INFO - val metrics: {'accuracy': 0.8593332144767338, 'precision': 0.7836095179367544, 'recall': 0.7805785529190787, 'f1': 0.7820756196744928, 'best_threshold': 0.9}

2025-05-12 06:23:15 - INFO - epoch 8
training loss: 0.3143
val loss: 0.9502
2025-05-12 06:23:15 - INFO - val metrics: {'accuracy': 0.8720211564747132, 'precision': 0.8140725156235151, 'recall': 0.7690667450193167, 'f1': 0.7880484507524825, 'best_threshold': 0.88}

2025-05-12 08:11:16 - INFO - epoch 9
training loss: 0.2657
val loss: 0.8898
2025-05-12 08:11:16 - INFO - val metrics: {'accuracy': 0.858679503179414, 'precision': 0.7819686543600866, 'recall': 0.784346031521413, 'f1': 0.7831458974300722, 'best_threshold': 0.9}

2025-05-12 08:11:26 - INFO - early stopping triggered after 9 epochs.
2025-05-12 08:11:26 - INFO - training over! best epoch was 4

BEST (labelled)
training loss: 0.5893
val loss: 0.6666
{'accuracy': 0.8667617519462768, 'precision': 0.79655170712798, 'recall': 0.7856230698565472, 'f1': 0.7908625218943311, 'best_threshold': 0.89}
