2025-05-18 23:25:49 - INFO - using maj-vote for ensemble
2025-05-18 23:25:51 - INFO - ('deberta-base', 'roberta-base', 'all-MiniLM-L12-v2') ensemble: {'accuracy': 0.8156461307287753, 'precision': 0.6900796348023517, 'recall': 0.7008485407614768, 'f1': 0.6951141256007293, 'best_threshold': -1}
2025-05-18 23:25:51 - INFO - # of pos preds: 2047, total: 10648
2025-05-18 23:25:51 - INFO - actual # of pos 1906
2025-05-18 23:25:51 - INFO - using maj-vote for ensemble
2025-05-18 23:25:52 - INFO - ('deberta-base', 'roberta-base', 'sentence-t5-base') ensemble: {'accuracy': 0.8156461307287753, 'precision': 0.6903954994899277, 'recall': 0.7020793467773745, 'f1': 0.695826392771032, 'best_threshold': -1}
2025-05-18 23:25:52 - INFO - # of pos preds: 2059, total: 10648
2025-05-18 23:25:52 - INFO - actual # of pos 1906
2025-05-18 23:25:52 - INFO - using maj-vote for ensemble
2025-05-18 23:25:53 - INFO - ('deberta-base', 'roberta-base', 'bge-base-en-v1.5') ensemble: {'accuracy': 0.8169609316303531, 'precision': 0.6918393517980599, 'recall': 0.701649272859395, 'f1': 0.6964576882788327, 'best_threshold': -1}
2025-05-18 23:25:53 - INFO - # of pos preds: 2033, total: 10648
2025-05-18 23:25:53 - INFO - actual # of pos 1906
2025-05-18 23:25:53 - INFO - using maj-vote for ensemble
2025-05-18 23:25:54 - INFO - ('deberta-base', 'roberta-base', 'all-mpnet-base-v2') ensemble: {'accuracy': 0.8194027047332832, 'precision': 0.6961756139599012, 'recall': 0.7074441678111698, 'f1': 0.7014433832667565, 'best_threshold': -1}
2025-05-18 23:25:54 - INFO - # of pos preds: 2049, total: 10648
2025-05-18 23:25:54 - INFO - actual # of pos 1906
2025-05-18 23:25:54 - INFO - using maj-vote for ensemble
2025-05-18 23:25:55 - INFO - ('deberta-base', 'all-MiniLM-L12-v2', 'sentence-t5-base') ensemble: {'accuracy': 0.8164913598797896, 'precision': 0.6885393329898113, 'recall': 0.6906963116390269, 'f1': 0.6896036224411854, 'best_threshold': -1}
2025-05-18 23:25:55 - INFO - # of pos preds: 1934, total: 10648
2025-05-18 23:25:55 - INFO - actual # of pos 1906
2025-05-18 23:25:55 - INFO - using maj-vote for ensemble
2025-05-18 23:25:56 - INFO - ('deberta-base', 'all-MiniLM-L12-v2', 'bge-base-en-v1.5') ensemble: {'accuracy': 0.8179939894815927, 'precision': 0.6905763971689447, 'recall': 0.6912011653646818, 'f1': 0.6908876077169108, 'best_threshold': -1}
2025-05-18 23:25:56 - INFO - # of pos preds: 1914, total: 10648
2025-05-18 23:25:56 - INFO - actual # of pos 1906
2025-05-18 23:25:56 - INFO - using maj-vote for ensemble
2025-05-18 23:25:57 - INFO - ('deberta-base', 'all-MiniLM-L12-v2', 'all-mpnet-base-v2') ensemble: {'accuracy': 0.8212809917355371, 'precision': 0.6962164567854832, 'recall': 0.6971005479931525, 'f1': 0.6966562468436224, 'best_threshold': -1}
2025-05-18 23:25:57 - INFO - # of pos preds: 1917, total: 10648
2025-05-18 23:25:57 - INFO - actual # of pos 1906
2025-05-18 23:25:57 - INFO - using maj-vote for ensemble
2025-05-18 23:25:58 - INFO - ('deberta-base', 'sentence-t5-base', 'bge-base-en-v1.5') ensemble: {'accuracy': 0.8068181818181818, 'precision': 0.6736455806181186, 'recall': 0.6786511811248563, 'f1': 0.6760624124237875, 'best_threshold': -1}
2025-05-18 23:25:58 - INFO - # of pos preds: 1977, total: 10648
2025-05-18 23:25:58 - INFO - actual # of pos 1906
2025-05-18 23:25:58 - INFO - using maj-vote for ensemble
2025-05-18 23:25:59 - INFO - ('deberta-base', 'sentence-t5-base', 'all-mpnet-base-v2') ensemble: {'accuracy': 0.810480841472577, 'precision': 0.6795540985507571, 'recall': 0.6843690756807663, 'f1': 0.6818857576569939, 'best_threshold': -1}
2025-05-18 23:25:59 - INFO - # of pos preds: 1972, total: 10648
2025-05-18 23:25:59 - INFO - actual # of pos 1906
2025-05-18 23:25:59 - INFO - using maj-vote for ensemble
2025-05-18 23:26:00 - INFO - ('deberta-base', 'bge-base-en-v1.5', 'all-mpnet-base-v2') ensemble: {'accuracy': 0.8120773854244928, 'precision': 0.6815434279967425, 'recall': 0.6847259902202896, 'f1': 0.683102096071759, 'best_threshold': -1}
2025-05-18 23:26:00 - INFO - # of pos preds: 1949, total: 10648
2025-05-18 23:26:00 - INFO - actual # of pos 1906
2025-05-18 23:26:00 - INFO - using maj-vote for ensemble
2025-05-18 23:26:01 - INFO - ('roberta-base', 'all-MiniLM-L12-v2', 'sentence-t5-base') ensemble: {'accuracy': 0.8129226145755072, 'precision': 0.6853875936806777, 'recall': 0.695087194696131, 'f1': 0.6899432692562381, 'best_threshold': -1}
2025-05-18 23:26:01 - INFO - # of pos preds: 2036, total: 10648
2025-05-18 23:26:01 - INFO - actual # of pos 1906
2025-05-18 23:26:01 - INFO - using maj-vote for ensemble
2025-05-18 23:26:02 - INFO - ('roberta-base', 'all-MiniLM-L12-v2', 'bge-base-en-v1.5') ensemble: {'accuracy': 0.8148009015777611, 'precision': 0.6882096129820563, 'recall': 0.6974619037090545, 'f1': 0.6925738221725163, 'best_threshold': -1}
2025-05-18 23:26:02 - INFO - # of pos preds: 2028, total: 10648
2025-05-18 23:26:02 - INFO - actual # of pos 1906
2025-05-18 23:26:02 - INFO - using maj-vote for ensemble
2025-05-18 23:26:03 - INFO - ('roberta-base', 'all-MiniLM-L12-v2', 'all-mpnet-base-v2') ensemble: {'accuracy': 0.8167731029301277, 'precision': 0.6916890013991881, 'recall': 0.7019451512316582, 'f1': 0.6965034248874301, 'best_threshold': -1}
2025-05-18 23:26:03 - INFO - # of pos preds: 2039, total: 10648
2025-05-18 23:26:03 - INFO - actual # of pos 1906
2025-05-18 23:26:03 - INFO - using maj-vote for ensemble
2025-05-18 23:26:05 - INFO - ('roberta-base', 'sentence-t5-base', 'bge-base-en-v1.5') ensemble: {'accuracy': 0.8053155522163786, 'precision': 0.6735130312121032, 'recall': 0.6834798201347573, 'f1': 0.678155035627658, 'best_threshold': -1}
2025-05-18 23:26:05 - INFO - # of pos preds: 2049, total: 10648
2025-05-18 23:26:05 - INFO - actual # of pos 1906
2025-05-18 23:26:05 - INFO - using maj-vote for ensemble
2025-05-18 23:26:06 - INFO - ('roberta-base', 'sentence-t5-base', 'all-mpnet-base-v2') ensemble: {'accuracy': 0.8084147257700977, 'precision': 0.6794474520577463, 'recall': 0.6919315588313033, 'f1': 0.685178888675355, 'best_threshold': -1}
2025-05-18 23:26:06 - INFO - # of pos preds: 2080, total: 10648
2025-05-18 23:26:06 - INFO - actual # of pos 1906
2025-05-18 23:26:06 - INFO - using maj-vote for ensemble
2025-05-18 23:26:07 - INFO - ('roberta-base', 'bge-base-en-v1.5', 'all-mpnet-base-v2') ensemble: {'accuracy': 0.8100112697220135, 'precision': 0.6814233255001594, 'recall': 0.6926987420427924, 'f1': 0.6866510649496351, 'best_threshold': -1}
2025-05-18 23:26:07 - INFO - # of pos preds: 2061, total: 10648
2025-05-18 23:26:07 - INFO - actual # of pos 1906
2025-05-18 23:26:07 - INFO - using maj-vote for ensemble
2025-05-18 23:26:08 - INFO - ('all-MiniLM-L12-v2', 'sentence-t5-base', 'bge-base-en-v1.5') ensemble: {'accuracy': 0.8068181818181818, 'precision': 0.6727508767513425, 'recall': 0.6757793004210955, 'f1': 0.6742333891152466, 'best_threshold': -1}
2025-05-18 23:26:08 - INFO - # of pos preds: 1949, total: 10648
2025-05-18 23:26:08 - INFO - actual # of pos 1906
2025-05-18 23:26:08 - INFO - using maj-vote for ensemble
2025-05-18 23:26:09 - INFO - ('all-MiniLM-L12-v2', 'sentence-t5-base', 'all-mpnet-base-v2') ensemble: {'accuracy': 0.8088842975206612, 'precision': 0.6773672387433222, 'recall': 0.6831916237973115, 'f1': 0.6801665136553232, 'best_threshold': -1}
2025-05-18 23:26:09 - INFO - # of pos preds: 1987, total: 10648
2025-05-18 23:26:09 - INFO - actual # of pos 1906
2025-05-18 23:26:09 - INFO - using maj-vote for ensemble
2025-05-18 23:26:10 - INFO - ('all-MiniLM-L12-v2', 'bge-base-en-v1.5', 'all-mpnet-base-v2') ensemble: {'accuracy': 0.8089782118707739, 'precision': 0.6768204934326866, 'recall': 0.6809923412513507, 'f1': 0.6788482326595651, 'best_threshold': -1}
2025-05-18 23:26:10 - INFO - # of pos preds: 1964, total: 10648
2025-05-18 23:26:10 - INFO - actual # of pos 1906
2025-05-18 23:26:10 - INFO - using maj-vote for ensemble
2025-05-18 23:26:11 - INFO - ('sentence-t5-base', 'bge-base-en-v1.5', 'all-mpnet-base-v2') ensemble: {'accuracy': 0.7978963185574756, 'precision': 0.6624978433824401, 'recall': 0.6734227762249665, 'f1': 0.667509179066968, 'best_threshold': -1}
2025-05-18 23:26:11 - INFO - # of pos preds: 2074, total: 10648
2025-05-18 23:26:11 - INFO - actual # of pos 1906
2025-05-18 23:26:11 - INFO - using maj-vote for ensemble
2025-05-18 23:26:12 - INFO - ('deberta-base', 'roberta-base', 'all-MiniLM-L12-v2', 'sentence-t5-base') ensemble: {'accuracy': 0.8020285499624342, 'precision': 0.680832522697795, 'recall': 0.7163508270070577, 'f1': 0.6944577376461931, 'best_threshold': -1}
2025-05-18 23:26:12 - INFO - # of pos preds: 2424, total: 10648
2025-05-18 23:26:12 - INFO - actual # of pos 1906
2025-05-18 23:26:12 - INFO - using maj-vote for ensemble
2025-05-18 23:26:14 - INFO - ('deberta-base', 'roberta-base', 'all-MiniLM-L12-v2', 'bge-base-en-v1.5') ensemble: {'accuracy': 0.8039068369646882, 'precision': 0.6827916262682707, 'recall': 0.7172895956681006, 'f1': 0.6962050223228193, 'best_threshold': -1}
2025-05-18 23:26:14 - INFO - # of pos preds: 2402, total: 10648
2025-05-18 23:26:14 - INFO - actual # of pos 1906
2025-05-18 23:26:14 - INFO - using maj-vote for ensemble
2025-05-18 23:26:15 - INFO - ('deberta-base', 'roberta-base', 'all-MiniLM-L12-v2', 'all-mpnet-base-v2') ensemble: {'accuracy': 0.8066303531179564, 'precision': 0.6873444836527353, 'recall': 0.7240766134133609, 'f1': 0.7015086546529936, 'best_threshold': -1}
2025-05-18 23:26:15 - INFO - # of pos preds: 2423, total: 10648
2025-05-18 23:26:15 - INFO - actual # of pos 1906
2025-05-18 23:26:15 - INFO - using maj-vote for ensemble
2025-05-18 23:26:17 - INFO - ('deberta-base', 'roberta-base', 'sentence-t5-base', 'bge-base-en-v1.5') ensemble: {'accuracy': 0.7939519158527423, 'precision': 0.6740575063675269, 'recall': 0.7159449995114706, 'f1': 0.6888778796663566, 'best_threshold': -1}
2025-05-18 23:26:17 - INFO - # of pos preds: 2554, total: 10648
2025-05-18 23:26:17 - INFO - actual # of pos 1906
2025-05-18 23:26:17 - INFO - using maj-vote for ensemble
2025-05-18 23:26:18 - INFO - ('deberta-base', 'roberta-base', 'sentence-t5-base', 'all-mpnet-base-v2') ensemble: {'accuracy': 0.7965815176558978, 'precision': 0.6782939601006611, 'recall': 0.7222645534349138, 'f1': 0.6937556694902116, 'best_threshold': -1}
2025-05-18 23:26:18 - INFO - # of pos preds: 2572, total: 10648
2025-05-18 23:26:18 - INFO - actual # of pos 1906
2025-05-18 23:26:18 - INFO - using maj-vote for ensemble
2025-05-18 23:26:20 - INFO - ('deberta-base', 'roberta-base', 'bge-base-en-v1.5', 'all-mpnet-base-v2') ensemble: {'accuracy': 0.7992111194590533, 'precision': 0.6803138519213038, 'recall': 0.7220198086069038, 'f1': 0.6954101702984676, 'best_threshold': -1}
2025-05-18 23:26:20 - INFO - # of pos preds: 2526, total: 10648
2025-05-18 23:26:20 - INFO - actual # of pos 1906
2025-05-18 23:26:20 - INFO - using maj-vote for ensemble
2025-05-18 23:26:21 - INFO - ('deberta-base', 'all-MiniLM-L12-v2', 'sentence-t5-base', 'bge-base-en-v1.5') ensemble: {'accuracy': 0.7941397445529677, 'precision': 0.6708502599470867, 'recall': 0.7064180760199761, 'f1': 0.6841247558844858, 'best_threshold': -1}
2025-05-18 23:26:21 - INFO - # of pos preds: 2458, total: 10648
2025-05-18 23:26:21 - INFO - actual # of pos 1906
2025-05-18 23:26:21 - INFO - using maj-vote for ensemble
2025-05-18 23:26:22 - INFO - ('deberta-base', 'all-MiniLM-L12-v2', 'sentence-t5-base', 'all-mpnet-base-v2') ensemble: {'accuracy': 0.7972389181066867, 'precision': 0.6755988711669153, 'recall': 0.712818471356693, 'f1': 0.6894606769272333, 'best_threshold': -1}
2025-05-18 23:26:22 - INFO - # of pos preds: 2469, total: 10648
2025-05-18 23:26:22 - INFO - actual # of pos 1906
2025-05-18 23:26:22 - INFO - using maj-vote for ensemble
2025-05-18 23:26:24 - INFO - ('deberta-base', 'all-MiniLM-L12-v2', 'bge-base-en-v1.5', 'all-mpnet-base-v2') ensemble: {'accuracy': 0.7994928625093914, 'precision': 0.6779441258834178, 'recall': 0.714191154953124, 'f1': 0.6916561680112202, 'best_threshold': -1}
2025-05-18 23:26:24 - INFO - # of pos preds: 2445, total: 10648
2025-05-18 23:26:24 - INFO - actual # of pos 1906
2025-05-18 23:26:24 - INFO - using maj-vote for ensemble
2025-05-18 23:26:25 - INFO - ('deberta-base', 'sentence-t5-base', 'bge-base-en-v1.5', 'all-mpnet-base-v2') ensemble: {'accuracy': 0.7908527422990232, 'precision': 0.6676835414373091, 'recall': 0.7048265144471467, 'f1': 0.6811893711201117, 'best_threshold': -1}
2025-05-18 23:26:25 - INFO - # of pos preds: 2497, total: 10648
2025-05-18 23:26:25 - INFO - actual # of pos 1906
2025-05-18 23:26:25 - INFO - using maj-vote for ensemble
2025-05-18 23:26:27 - INFO - ('roberta-base', 'all-MiniLM-L12-v2', 'sentence-t5-base', 'bge-base-en-v1.5') ensemble: {'accuracy': 0.7926371149511645, 'precision': 0.670938394848603, 'recall': 0.7100159090139797, 'f1': 0.6850182246584645, 'best_threshold': -1}
2025-05-18 23:26:27 - INFO - # of pos preds: 2518, total: 10648
2025-05-18 23:26:27 - INFO - actual # of pos 1906
2025-05-18 23:26:27 - INFO - using maj-vote for ensemble
2025-05-18 23:26:28 - INFO - ('roberta-base', 'all-MiniLM-L12-v2', 'sentence-t5-base', 'all-mpnet-base-v2') ensemble: {'accuracy': 0.7941397445529677, 'precision': 0.6747463595573278, 'recall': 0.7174953301630536, 'f1': 0.6897744681973192, 'best_threshold': -1}
2025-05-18 23:26:28 - INFO - # of pos preds: 2566, total: 10648
2025-05-18 23:26:28 - INFO - actual # of pos 1906
2025-05-18 23:26:28 - INFO - using maj-vote for ensemble
2025-05-18 23:26:30 - INFO - ('roberta-base', 'all-MiniLM-L12-v2', 'bge-base-en-v1.5', 'all-mpnet-base-v2') ensemble: {'accuracy': 0.7960180315552217, 'precision': 0.6763965986738091, 'recall': 0.7180238301521307, 'f1': 0.6912844540019303, 'best_threshold': -1}
2025-05-18 23:26:30 - INFO - # of pos preds: 2540, total: 10648
2025-05-18 23:26:30 - INFO - actual # of pos 1906
2025-05-18 23:26:30 - INFO - using maj-vote for ensemble
2025-05-18 23:26:31 - INFO - ('roberta-base', 'sentence-t5-base', 'bge-base-en-v1.5', 'all-mpnet-base-v2') ensemble: {'accuracy': 0.7862509391435011, 'precision': 0.6641967406065397, 'recall': 0.7046906984722113, 'f1': 0.6782030949952547, 'best_threshold': -1}
2025-05-18 23:26:31 - INFO - # of pos preds: 2572, total: 10648
2025-05-18 23:26:31 - INFO - actual # of pos 1906
2025-05-18 23:26:31 - INFO - using maj-vote for ensemble
2025-05-18 23:26:32 - INFO - ('all-MiniLM-L12-v2', 'sentence-t5-base', 'bge-base-en-v1.5', 'all-mpnet-base-v2') ensemble: {'accuracy': 0.7888805409466566, 'precision': 0.664516982433162, 'recall': 0.700343266924543, 'f1': 0.6775870080006069, 'best_threshold': -1}
2025-05-18 23:26:32 - INFO - # of pos preds: 2486, total: 10648
2025-05-18 23:26:32 - INFO - actual # of pos 1906
2025-05-18 23:26:32 - INFO - using maj-vote for ensemble
2025-05-18 23:26:34 - INFO - ('deberta-base', 'roberta-base', 'all-MiniLM-L12-v2', 'sentence-t5-base', 'bge-base-en-v1.5') ensemble: {'accuracy': 0.7826821938392187, 'precision': 0.6689622701736466, 'recall': 0.7236461193841024, 'f1': 0.6851685715654005, 'best_threshold': -1}
2025-05-18 23:26:34 - INFO - # of pos preds: 2816, total: 10648
2025-05-18 23:26:34 - INFO - actual # of pos 1906
2025-05-18 23:26:34 - INFO - using maj-vote for ensemble
2025-05-18 23:26:36 - INFO - ('deberta-base', 'roberta-base', 'all-MiniLM-L12-v2', 'sentence-t5-base', 'all-mpnet-base-v2') ensemble: {'accuracy': 0.7843726521412472, 'precision': 0.6727530136337789, 'recall': 0.7308296621609132, 'f1': 0.6895849445890554, 'best_threshold': -1}
2025-05-18 23:26:36 - INFO - # of pos preds: 2858, total: 10648
2025-05-18 23:26:36 - INFO - actual # of pos 1906
2025-05-18 23:26:36 - INFO - using maj-vote for ensemble
2025-05-18 23:26:38 - INFO - ('deberta-base', 'roberta-base', 'all-MiniLM-L12-v2', 'bge-base-en-v1.5', 'all-mpnet-base-v2') ensemble: {'accuracy': 0.7853117956423742, 'precision': 0.672877756956629, 'recall': 0.7295554046355799, 'f1': 0.6896353554641598, 'best_threshold': -1}
2025-05-18 23:26:38 - INFO - # of pos preds: 2830, total: 10648
2025-05-18 23:26:38 - INFO - actual # of pos 1906
2025-05-18 23:26:38 - INFO - using maj-vote for ensemble
2025-05-18 23:26:40 - INFO - ('deberta-base', 'roberta-base', 'sentence-t5-base', 'bge-base-en-v1.5', 'all-mpnet-base-v2') ensemble: {'accuracy': 0.7775169045830203, 'precision': 0.6672094488296062, 'recall': 0.7272698192297176, 'f1': 0.6834272444805174, 'best_threshold': -1}
2025-05-18 23:26:40 - INFO - # of pos preds: 2937, total: 10648
2025-05-18 23:26:40 - INFO - actual # of pos 1906
2025-05-18 23:26:40 - INFO - using maj-vote for ensemble
2025-05-18 23:26:41 - INFO - ('deberta-base', 'all-MiniLM-L12-v2', 'sentence-t5-base', 'bge-base-en-v1.5', 'all-mpnet-base-v2') ensemble: {'accuracy': 0.7780803906836965, 'precision': 0.6651848326040325, 'recall': 0.721253825713355, 'f1': 0.6810504035637968, 'best_threshold': -1}
2025-05-18 23:26:41 - INFO - # of pos preds: 2869, total: 10648
2025-05-18 23:26:41 - INFO - actual # of pos 1906
2025-05-18 23:26:41 - INFO - using maj-vote for ensemble
2025-05-18 23:26:43 - INFO - ('roberta-base', 'all-MiniLM-L12-v2', 'sentence-t5-base', 'bge-base-en-v1.5', 'all-mpnet-base-v2') ensemble: {'accuracy': 0.7747933884297521, 'precision': 0.6637597940009271, 'recall': 0.7225341448442864, 'f1': 0.6795052327425333, 'best_threshold': -1}
2025-05-18 23:26:43 - INFO - # of pos preds: 2936, total: 10648
2025-05-18 23:26:43 - INFO - actual # of pos 1906
2025-05-18 23:26:43 - INFO - using maj-vote for ensemble
2025-05-18 23:26:45 - INFO - ('deberta-base', 'roberta-base', 'all-MiniLM-L12-v2', 'sentence-t5-base', 'bge-base-en-v1.5', 'all-mpnet-base-v2') ensemble: {'accuracy': 0.7665289256198347, 'precision': 0.6635750838150284, 'recall': 0.7328860468560912, 'f1': 0.6786622719274052, 'best_threshold': -1}
2025-05-18 23:26:45 - INFO - # of pos preds: 3174, total: 10648
2025-05-18 23:26:45 - INFO - actual # of pos 1906
2025-05-18 23:26:45 - INFO - using avg-probs for ensemble
2025-05-18 23:26:47 - INFO - ('deberta-base', 'roberta-base', 'all-MiniLM-L12-v2') ensemble: {'accuracy': 0.8117017280240421, 'precision': 0.6868828141520703, 'recall': 0.7054209118911416, 'f1': 0.6950878648805254, 'best_threshold': 0.62}
2025-05-18 23:26:47 - INFO - # of pos preds: 2157, total: 10648
2025-05-18 23:26:47 - INFO - actual # of pos 1906
2025-05-18 23:26:47 - INFO - using avg-probs for ensemble
2025-05-18 23:26:48 - INFO - ('deberta-base', 'roberta-base', 'sentence-t5-base') ensemble: {'accuracy': 0.8093538692712247, 'precision': 0.6866899222459879, 'recall': 0.7132220782640906, 'f1': 0.6977664845556295, 'best_threshold': 0.59}
2025-05-18 23:26:48 - INFO - # of pos preds: 2272, total: 10648
2025-05-18 23:26:48 - INFO - actual # of pos 1906
2025-05-18 23:26:48 - INFO - using avg-probs for ensemble
2025-05-18 23:26:49 - INFO - ('deberta-base', 'roberta-base', 'bge-base-en-v1.5') ensemble: {'accuracy': 0.8038129226145755, 'precision': 0.6824952685220845, 'recall': 0.7166169975103005, 'f1': 0.6957958888869484, 'best_threshold': 0.59}
2025-05-18 23:26:49 - INFO - # of pos preds: 2397, total: 10648
2025-05-18 23:26:49 - INFO - actual # of pos 1906
2025-05-18 23:26:49 - INFO - using avg-probs for ensemble
2025-05-18 23:26:51 - INFO - ('deberta-base', 'roberta-base', 'all-mpnet-base-v2') ensemble: {'accuracy': 0.816397445529677, 'precision': 0.6930016182912098, 'recall': 0.7088960723916551, 'f1': 0.7002021839798608, 'best_threshold': 0.6}
2025-05-18 23:26:51 - INFO - # of pos preds: 2113, total: 10648
2025-05-18 23:26:51 - INFO - actual # of pos 1906
2025-05-18 23:26:51 - INFO - using avg-probs for ensemble
2025-05-18 23:26:52 - INFO - ('deberta-base', 'all-MiniLM-L12-v2', 'sentence-t5-base') ensemble: {'accuracy': 0.8120773854244928, 'precision': 0.6880339456397131, 'recall': 0.7081113045223419, 'f1': 0.6968349153257327, 'best_threshold': 0.57}
2025-05-18 23:26:52 - INFO - # of pos preds: 2177, total: 10648
2025-05-18 23:26:52 - INFO - actual # of pos 1906
2025-05-18 23:26:52 - INFO - using avg-probs for ensemble
2025-05-18 23:26:53 - INFO - ('deberta-base', 'all-MiniLM-L12-v2', 'bge-base-en-v1.5') ensemble: {'accuracy': 0.8122652141247183, 'precision': 0.6865069390785582, 'recall': 0.7018665304065741, 'f1': 0.6934548162535763, 'best_threshold': 0.59}
2025-05-18 23:26:53 - INFO - # of pos preds: 2113, total: 10648
2025-05-18 23:26:53 - INFO - actual # of pos 1906
2025-05-18 23:26:53 - INFO - using avg-probs for ensemble
2025-05-18 23:26:55 - INFO - ('deberta-base', 'all-MiniLM-L12-v2', 'all-mpnet-base-v2') ensemble: {'accuracy': 0.8125469571750563, 'precision': 0.6883885378239435, 'recall': 0.7075767429276667, 'f1': 0.696855476165821, 'best_threshold': 0.57}
2025-05-18 23:26:55 - INFO - # of pos preds: 2164, total: 10648
2025-05-18 23:26:55 - INFO - actual # of pos 1906
2025-05-18 23:26:55 - INFO - using avg-probs for ensemble
2025-05-18 23:26:56 - INFO - ('deberta-base', 'sentence-t5-base', 'bge-base-en-v1.5') ensemble: {'accuracy': 0.7932945154019534, 'precision': 0.6719577451706636, 'recall': 0.7114419467428532, 'f1': 0.6861737807288771, 'best_threshold': 0.5399999999999999}
2025-05-18 23:26:56 - INFO - # of pos preds: 2521, total: 10648
2025-05-18 23:26:56 - INFO - actual # of pos 1906
2025-05-18 23:26:56 - INFO - using avg-probs for ensemble
2025-05-18 23:26:57 - INFO - ('deberta-base', 'sentence-t5-base', 'all-mpnet-base-v2') ensemble: {'accuracy': 0.8226897069872277, 'precision': 0.6959140697198782, 'recall': 0.6862658180898956, 'f1': 0.690820190918158, 'best_threshold': 0.59}
2025-05-18 23:26:57 - INFO - # of pos preds: 1788, total: 10648
2025-05-18 23:26:57 - INFO - actual # of pos 1906
2025-05-18 23:26:57 - INFO - using avg-probs for ensemble
2025-05-18 23:26:59 - INFO - ('deberta-base', 'bge-base-en-v1.5', 'all-mpnet-base-v2') ensemble: {'accuracy': 0.8055972952667168, 'precision': 0.6793796469519846, 'recall': 0.7012929584788419, 'f1': 0.6887575312076163, 'best_threshold': 0.5599999999999999}
2025-05-18 23:26:59 - INFO - # of pos preds: 2218, total: 10648
2025-05-18 23:26:59 - INFO - actual # of pos 1906
2025-05-18 23:26:59 - INFO - using avg-probs for ensemble
2025-05-18 23:27:00 - INFO - ('roberta-base', 'all-MiniLM-L12-v2', 'sentence-t5-base') ensemble: {'accuracy': 0.8084147257700977, 'precision': 0.6838938278922506, 'recall': 0.7069063653580561, 'f1': 0.6937194691245754, 'best_threshold': 0.59}
2025-05-18 23:27:00 - INFO - # of pos preds: 2226, total: 10648
2025-05-18 23:27:00 - INFO - actual # of pos 1906
2025-05-18 23:27:00 - INFO - using avg-probs for ensemble
2025-05-18 23:27:01 - INFO - ('roberta-base', 'all-MiniLM-L12-v2', 'bge-base-en-v1.5') ensemble: {'accuracy': 0.80954169797145, 'precision': 0.6835697233074729, 'recall': 0.7018489457487499, 'f1': 0.6916481148421907, 'best_threshold': 0.61}
2025-05-18 23:27:02 - INFO - # of pos preds: 2158, total: 10648
2025-05-18 23:27:02 - INFO - actual # of pos 1906
2025-05-18 23:27:02 - INFO - using avg-probs for ensemble
2025-05-18 23:27:03 - INFO - ('roberta-base', 'all-MiniLM-L12-v2', 'all-mpnet-base-v2') ensemble: {'accuracy': 0.8139556724267468, 'precision': 0.6889446791875556, 'recall': 0.7039217147838119, 'f1': 0.6957500803943336, 'best_threshold': 0.6}
2025-05-18 23:27:03 - INFO - # of pos preds: 2105, total: 10648
2025-05-18 23:27:03 - INFO - actual # of pos 1906
2025-05-18 23:27:03 - INFO - using avg-probs for ensemble
2025-05-18 23:27:04 - INFO - ('roberta-base', 'sentence-t5-base', 'bge-base-en-v1.5') ensemble: {'accuracy': 0.8102930127723517, 'precision': 0.680959430770972, 'recall': 0.6899984467885854, 'f1': 0.6852145854407853, 'best_threshold': 0.6}
2025-05-18 23:27:04 - INFO - # of pos preds: 2030, total: 10648
2025-05-18 23:27:04 - INFO - actual # of pos 1906
2025-05-18 23:27:04 - INFO - using avg-probs for ensemble
2025-05-18 23:27:06 - INFO - ('roberta-base', 'sentence-t5-base', 'all-mpnet-base-v2') ensemble: {'accuracy': 0.8149887302779865, 'precision': 0.6881408551075987, 'recall': 0.6963454879928594, 'f1': 0.6920371048972075, 'best_threshold': 0.59}
2025-05-18 23:27:06 - INFO - # of pos preds: 2014, total: 10648
2025-05-18 23:27:06 - INFO - actual # of pos 1906
2025-05-18 23:27:06 - INFO - using avg-probs for ensemble
2025-05-18 23:27:07 - INFO - ('roberta-base', 'bge-base-en-v1.5', 'all-mpnet-base-v2') ensemble: {'accuracy': 0.8129226145755072, 'precision': 0.6857228833575582, 'recall': 0.6963180007120287, 'f1': 0.6906703645959208, 'best_threshold': 0.6}
2025-05-18 23:27:07 - INFO - # of pos preds: 2048, total: 10648
2025-05-18 23:27:07 - INFO - actual # of pos 1906
2025-05-18 23:27:07 - INFO - using avg-probs for ensemble
2025-05-18 23:27:08 - INFO - ('all-MiniLM-L12-v2', 'sentence-t5-base', 'bge-base-en-v1.5') ensemble: {'accuracy': 0.8140495867768595, 'precision': 0.6835073279907589, 'recall': 0.6830552076634059, 'f1': 0.6832806194786781, 'best_threshold': 0.59}
2025-05-18 23:27:08 - INFO - # of pos preds: 1900, total: 10648
2025-05-18 23:27:08 - INFO - actual # of pos 1906
2025-05-18 23:27:08 - INFO - using avg-probs for ensemble
2025-05-18 23:27:10 - INFO - ('all-MiniLM-L12-v2', 'sentence-t5-base', 'all-mpnet-base-v2') ensemble: {'accuracy': 0.8063486100676184, 'precision': 0.678187876469019, 'recall': 0.694981086590216, 'f1': 0.6856501203356513, 'best_threshold': 0.5599999999999999}
2025-05-18 23:27:10 - INFO - # of pos preds: 2144, total: 10648
2025-05-18 23:27:10 - INFO - actual # of pos 1906
2025-05-18 23:27:10 - INFO - using avg-probs for ensemble
2025-05-18 23:27:11 - INFO - ('all-MiniLM-L12-v2', 'bge-base-en-v1.5', 'all-mpnet-base-v2') ensemble: {'accuracy': 0.7966754320060105, 'precision': 0.6709883572740677, 'recall': 0.700782643306559, 'f1': 0.6827408511126534, 'best_threshold': 0.5499999999999999}
2025-05-18 23:27:11 - INFO - # of pos preds: 2361, total: 10648
2025-05-18 23:27:11 - INFO - actual # of pos 1906
2025-05-18 23:27:11 - INFO - using avg-probs for ensemble
2025-05-18 23:27:12 - INFO - ('sentence-t5-base', 'bge-base-en-v1.5', 'all-mpnet-base-v2') ensemble: {'accuracy': 0.8054094665664914, 'precision': 0.6700327843990337, 'recall': 0.6722546268055483, 'f1': 0.671126250136244, 'best_threshold': 0.58}
2025-05-18 23:27:12 - INFO - # of pos preds: 1938, total: 10648
2025-05-18 23:27:12 - INFO - actual # of pos 1906
2025-05-18 23:27:12 - INFO - using avg-probs for ensemble
2025-05-18 23:27:14 - INFO - ('deberta-base', 'roberta-base', 'all-MiniLM-L12-v2', 'sentence-t5-base') ensemble: {'accuracy': 0.8203418482344103, 'precision': 0.6957292466136192, 'recall': 0.7004261488783149, 'f1': 0.6980138297986684, 'best_threshold': 0.61}
2025-05-18 23:27:14 - INFO - # of pos preds: 1965, total: 10648
2025-05-18 23:27:14 - INFO - actual # of pos 1906
2025-05-18 23:27:14 - INFO - using avg-probs for ensemble
2025-05-18 23:27:16 - INFO - ('deberta-base', 'roberta-base', 'all-MiniLM-L12-v2', 'bge-base-en-v1.5') ensemble: {'accuracy': 0.81545830202855, 'precision': 0.6903060772590427, 'recall': 0.7025803594856206, 'f1': 0.6959892598366342, 'best_threshold': 0.61}
2025-05-18 23:27:16 - INFO - # of pos preds: 2067, total: 10648
2025-05-18 23:27:16 - INFO - actual # of pos 1906
2025-05-18 23:27:16 - INFO - using avg-probs for ensemble
2025-05-18 23:27:17 - INFO - ('deberta-base', 'roberta-base', 'all-MiniLM-L12-v2', 'all-mpnet-base-v2') ensemble: {'accuracy': 0.8158339594290007, 'precision': 0.6932250470771206, 'recall': 0.7122453195402398, 'f1': 0.7016669563453819, 'best_threshold': 0.59}
2025-05-18 23:27:17 - INFO - # of pos preds: 2155, total: 10648
2025-05-18 23:27:17 - INFO - actual # of pos 1906
2025-05-18 23:27:17 - INFO - using avg-probs for ensemble
2025-05-18 23:27:19 - INFO - ('deberta-base', 'roberta-base', 'sentence-t5-base', 'bge-base-en-v1.5') ensemble: {'accuracy': 0.8127347858752817, 'precision': 0.6877225472266959, 'recall': 0.7044089838516426, 'f1': 0.6952096255370266, 'best_threshold': 0.59}
2025-05-18 23:27:19 - INFO - # of pos preds: 2130, total: 10648
2025-05-18 23:27:19 - INFO - actual # of pos 1906
2025-05-18 23:27:19 - INFO - using avg-probs for ensemble
2025-05-18 23:27:21 - INFO - ('deberta-base', 'roberta-base', 'sentence-t5-base', 'all-mpnet-base-v2') ensemble: {'accuracy': 0.8173365890308039, 'precision': 0.6919428175458248, 'recall': 0.7002369787709368, 'f1': 0.6958851806925307, 'best_threshold': 0.59}
2025-05-18 23:27:21 - INFO - # of pos preds: 2013, total: 10648
2025-05-18 23:27:21 - INFO - actual # of pos 1906
2025-05-18 23:27:21 - INFO - using avg-probs for ensemble
2025-05-18 23:27:23 - INFO - ('deberta-base', 'roberta-base', 'bge-base-en-v1.5', 'all-mpnet-base-v2') ensemble: {'accuracy': 0.810480841472577, 'precision': 0.6866068266801111, 'recall': 0.7089851959987161, 'f1': 0.6962402241343404, 'best_threshold': 0.58}
2025-05-18 23:27:23 - INFO - # of pos preds: 2212, total: 10648
2025-05-18 23:27:23 - INFO - actual # of pos 1906
2025-05-18 23:27:23 - INFO - using avg-probs for ensemble
2025-05-18 23:27:24 - INFO - ('deberta-base', 'all-MiniLM-L12-v2', 'sentence-t5-base', 'bge-base-en-v1.5') ensemble: {'accuracy': 0.8068181818181818, 'precision': 0.6819475143612659, 'recall': 0.7057289134746012, 'f1': 0.6920150473931633, 'best_threshold': 0.5599999999999999}
2025-05-18 23:27:24 - INFO - # of pos preds: 2241, total: 10648
2025-05-18 23:27:24 - INFO - actual # of pos 1906
2025-05-18 23:27:24 - INFO - using avg-probs for ensemble
2025-05-18 23:27:26 - INFO - ('deberta-base', 'all-MiniLM-L12-v2', 'sentence-t5-base', 'all-mpnet-base-v2') ensemble: {'accuracy': 0.8143313298271976, 'precision': 0.6903529276480578, 'recall': 0.7076377790949266, 'f1': 0.6980945884228816, 'best_threshold': 0.5599999999999999}
2025-05-18 23:27:26 - INFO - # of pos preds: 2135, total: 10648
2025-05-18 23:27:26 - INFO - actual # of pos 1906
2025-05-18 23:27:26 - INFO - using avg-probs for ensemble
2025-05-18 23:27:28 - INFO - ('deberta-base', 'all-MiniLM-L12-v2', 'bge-base-en-v1.5', 'all-mpnet-base-v2') ensemble: {'accuracy': 0.7985537190082644, 'precision': 0.6795774042868796, 'recall': 0.7214143082219618, 'f1': 0.6946667505666154, 'best_threshold': 0.5299999999999999}
2025-05-18 23:27:28 - INFO - # of pos preds: 2531, total: 10648
2025-05-18 23:27:28 - INFO - actual # of pos 1906
2025-05-18 23:27:28 - INFO - using avg-probs for ensemble
2025-05-18 23:27:29 - INFO - ('deberta-base', 'sentence-t5-base', 'bge-base-en-v1.5', 'all-mpnet-base-v2') ensemble: {'accuracy': 0.8003380916604057, 'precision': 0.6754448923490712, 'recall': 0.7044491945026399, 'f1': 0.6870792375020645, 'best_threshold': 0.5399999999999999}
2025-05-18 23:27:29 - INFO - # of pos preds: 2336, total: 10648
2025-05-18 23:27:29 - INFO - actual # of pos 1906
2025-05-18 23:27:29 - INFO - using avg-probs for ensemble
2025-05-18 23:27:31 - INFO - ('roberta-base', 'all-MiniLM-L12-v2', 'sentence-t5-base', 'bge-base-en-v1.5') ensemble: {'accuracy': 0.8114199849737039, 'precision': 0.685149660262418, 'recall': 0.7003261023779979, 'f1': 0.6920158626382691, 'best_threshold': 0.59}
2025-05-18 23:27:31 - INFO - # of pos preds: 2112, total: 10648
2025-05-18 23:27:31 - INFO - actual # of pos 1906
2025-05-18 23:27:31 - INFO - using avg-probs for ensemble
2025-05-18 23:27:33 - INFO - ('roberta-base', 'all-MiniLM-L12-v2', 'sentence-t5-base', 'all-mpnet-base-v2') ensemble: {'accuracy': 0.8150826446280992, 'precision': 0.690079474747681, 'recall': 0.70337725056613, 'f1': 0.6961945607991122, 'best_threshold': 0.58}
2025-05-18 23:27:33 - INFO - # of pos preds: 2081, total: 10648
2025-05-18 23:27:33 - INFO - actual # of pos 1906
2025-05-18 23:27:33 - INFO - using avg-probs for ensemble
2025-05-18 23:27:34 - INFO - ('roberta-base', 'all-MiniLM-L12-v2', 'bge-base-en-v1.5', 'all-mpnet-base-v2') ensemble: {'accuracy': 0.8136739293764087, 'precision': 0.6879223029760789, 'recall': 0.701288517302463, 'f1': 0.6940572858240597, 'best_threshold': 0.59}
2025-05-18 23:27:34 - INFO - # of pos preds: 2084, total: 10648
2025-05-18 23:27:34 - INFO - actual # of pos 1906
2025-05-18 23:27:34 - INFO - using avg-probs for ensemble
2025-05-18 23:27:36 - INFO - ('roberta-base', 'sentence-t5-base', 'bge-base-en-v1.5', 'all-mpnet-base-v2') ensemble: {'accuracy': 0.814237415477085, 'precision': 0.6862112629588153, 'recall': 0.6924006430823397, 'f1': 0.6891869692229674, 'best_threshold': 0.59}
2025-05-18 23:27:36 - INFO - # of pos preds: 1988, total: 10648
2025-05-18 23:27:36 - INFO - actual # of pos 1906
2025-05-18 23:27:36 - INFO - using avg-probs for ensemble
2025-05-18 23:27:38 - INFO - ('all-MiniLM-L12-v2', 'sentence-t5-base', 'bge-base-en-v1.5', 'all-mpnet-base-v2') ensemble: {'accuracy': 0.797145003756574, 'precision': 0.6721984920123217, 'recall': 0.7031199624156447, 'f1': 0.6843042740799716, 'best_threshold': 0.5399999999999999}
2025-05-18 23:27:38 - INFO - # of pos preds: 2376, total: 10648
2025-05-18 23:27:38 - INFO - actual # of pos 1906
2025-05-18 23:27:38 - INFO - using avg-probs for ensemble
2025-05-18 23:27:40 - INFO - ('deberta-base', 'roberta-base', 'all-MiniLM-L12-v2', 'sentence-t5-base', 'bge-base-en-v1.5') ensemble: {'accuracy': 0.8150826446280992, 'precision': 0.6902397557660974, 'recall': 0.7039926535740787, 'f1': 0.6965458783640601, 'best_threshold': 0.59}
2025-05-18 23:27:40 - INFO - # of pos preds: 2087, total: 10648
2025-05-18 23:27:40 - INFO - actual # of pos 1906
2025-05-18 23:27:40 - INFO - using avg-probs for ensemble
2025-05-18 23:27:42 - INFO - ('deberta-base', 'roberta-base', 'all-MiniLM-L12-v2', 'sentence-t5-base', 'all-mpnet-base-v2') ensemble: {'accuracy': 0.8050338091660406, 'precision': 0.6856155929441089, 'recall': 0.723104295865889, 'f1': 0.6999207490154715, 'best_threshold': 0.5499999999999999}
2025-05-18 23:27:42 - INFO - # of pos preds: 2440, total: 10648
2025-05-18 23:27:42 - INFO - actual # of pos 1906
2025-05-18 23:27:42 - INFO - using avg-probs for ensemble
2025-05-18 23:27:44 - INFO - ('deberta-base', 'roberta-base', 'all-MiniLM-L12-v2', 'bge-base-en-v1.5', 'all-mpnet-base-v2') ensemble: {'accuracy': 0.8097295266716754, 'precision': 0.6878444557505157, 'recall': 0.7159124708952906, 'f1': 0.6994479209640962, 'best_threshold': 0.57}
2025-05-18 23:27:44 - INFO - # of pos preds: 2292, total: 10648
2025-05-18 23:27:44 - INFO - actual # of pos 1906
2025-05-18 23:27:44 - INFO - using avg-probs for ensemble
2025-05-18 23:27:46 - INFO - ('deberta-base', 'roberta-base', 'sentence-t5-base', 'bge-base-en-v1.5', 'all-mpnet-base-v2') ensemble: {'accuracy': 0.8169609316303531, 'precision': 0.690163208432747, 'recall': 0.6948798397719588, 'f1': 0.692454449609635, 'best_threshold': 0.59}
2025-05-18 23:27:46 - INFO - # of pos preds: 1967, total: 10648
2025-05-18 23:27:46 - INFO - actual # of pos 1906
2025-05-18 23:27:46 - INFO - using avg-probs for ensemble
2025-05-18 23:27:48 - INFO - ('deberta-base', 'all-MiniLM-L12-v2', 'sentence-t5-base', 'bge-base-en-v1.5', 'all-mpnet-base-v2') ensemble: {'accuracy': 0.8039068369646882, 'precision': 0.6813026567632844, 'recall': 0.7125715059404936, 'f1': 0.6937553936761693, 'best_threshold': 0.5399999999999999}
2025-05-18 23:27:48 - INFO - # of pos preds: 2356, total: 10648
2025-05-18 23:27:48 - INFO - actual # of pos 1906
2025-05-18 23:27:48 - INFO - using avg-probs for ensemble
2025-05-18 23:27:50 - INFO - ('roberta-base', 'all-MiniLM-L12-v2', 'sentence-t5-base', 'bge-base-en-v1.5', 'all-mpnet-base-v2') ensemble: {'accuracy': 0.8136739293764087, 'precision': 0.6873169798216617, 'recall': 0.699032039606651, 'f1': 0.6927516158818098, 'best_threshold': 0.58}
2025-05-18 23:27:50 - INFO - # of pos preds: 2062, total: 10648
2025-05-18 23:27:50 - INFO - actual # of pos 1906
2025-05-18 23:27:50 - INFO - using avg-probs for ensemble
2025-05-18 23:27:53 - INFO - ('deberta-base', 'roberta-base', 'all-MiniLM-L12-v2', 'sentence-t5-base', 'bge-base-en-v1.5', 'all-mpnet-base-v2') ensemble: {'accuracy': 0.8123591284748309, 'precision': 0.6886087510661614, 'recall': 0.7091034273158274, 'f1': 0.6975718297865372, 'best_threshold': 0.57}
2025-05-18 23:27:53 - INFO - # of pos preds: 2182, total: 10648
2025-05-18 23:27:53 - INFO - actual # of pos 1906
2025-05-18 23:27:53 - INFO - using avg-logits for ensemble
2025-05-18 23:27:54 - INFO - ('deberta-base', 'roberta-base', 'all-MiniLM-L12-v2') ensemble: {'accuracy': 0.7932945154019534, 'precision': 0.677816570305373, 'recall': 0.7280578279574694, 'f1': 0.6943168114987835, 'best_threshold': 0.57}
2025-05-18 23:27:54 - INFO - # of pos preds: 2683, total: 10648
2025-05-18 23:27:54 - INFO - actual # of pos 1906
2025-05-18 23:27:54 - INFO - using avg-logits for ensemble
2025-05-18 23:27:55 - INFO - ('deberta-base', 'roberta-base', 'sentence-t5-base') ensemble: {'accuracy': 0.8116078136739294, 'precision': 0.6882611414212156, 'recall': 0.7106972094768462, 'f1': 0.6979349730911822, 'best_threshold': 0.6}
2025-05-18 23:27:55 - INFO - # of pos preds: 2210, total: 10648
2025-05-18 23:27:55 - INFO - actual # of pos 1906
2025-05-18 23:27:55 - INFO - using avg-logits for ensemble
2025-05-18 23:27:57 - INFO - ('deberta-base', 'roberta-base', 'bge-base-en-v1.5') ensemble: {'accuracy': 0.8018407212622088, 'precision': 0.6814281233352086, 'recall': 0.7186980487391501, 'f1': 0.6955266955266955, 'best_threshold': 0.59}
2025-05-18 23:27:57 - INFO - # of pos preds: 2450, total: 10648
2025-05-18 23:27:57 - INFO - actual # of pos 1906
2025-05-18 23:27:57 - INFO - using avg-logits for ensemble
2025-05-18 23:27:58 - INFO - ('deberta-base', 'roberta-base', 'all-mpnet-base-v2') ensemble: {'accuracy': 0.8127347858752817, 'precision': 0.6891851657452044, 'recall': 0.7097424765871985, 'f1': 0.6981772915887663, 'best_threshold': 0.6}
2025-05-18 23:27:58 - INFO - # of pos preds: 2182, total: 10648
2025-05-18 23:27:58 - INFO - actual # of pos 1906
2025-05-18 23:27:58 - INFO - using avg-logits for ensemble
2025-05-18 23:28:00 - INFO - ('deberta-base', 'all-MiniLM-L12-v2', 'sentence-t5-base') ensemble: {'accuracy': 0.8102930127723517, 'precision': 0.6865570363909235, 'recall': 0.7094862087069623, 'f1': 0.6963873285620599, 'best_threshold': 0.57}
2025-05-18 23:28:00 - INFO - # of pos preds: 2220, total: 10648
2025-05-18 23:28:00 - INFO - actual # of pos 1906
2025-05-18 23:28:00 - INFO - using avg-logits for ensemble
2025-05-18 23:28:01 - INFO - ('deberta-base', 'all-MiniLM-L12-v2', 'bge-base-en-v1.5') ensemble: {'accuracy': 0.8037190082644629, 'precision': 0.680705334410324, 'recall': 0.7112263096248934, 'f1': 0.6929214033601925, 'best_threshold': 0.57}
2025-05-18 23:28:01 - INFO - # of pos preds: 2346, total: 10648
2025-05-18 23:28:01 - INFO - actual # of pos 1906
2025-05-18 23:28:01 - INFO - using avg-logits for ensemble
2025-05-18 23:28:02 - INFO - ('deberta-base', 'all-MiniLM-L12-v2', 'all-mpnet-base-v2') ensemble: {'accuracy': 0.8160217881292261, 'precision': 0.6904236837413893, 'recall': 0.7004619183529333, 'f1': 0.6951395161258853, 'best_threshold': 0.59}
2025-05-18 23:28:02 - INFO - # of pos preds: 2037, total: 10648
2025-05-18 23:28:02 - INFO - actual # of pos 1906
2025-05-18 23:28:02 - INFO - using avg-logits for ensemble
2025-05-18 23:28:04 - INFO - ('deberta-base', 'sentence-t5-base', 'bge-base-en-v1.5') ensemble: {'accuracy': 0.7928249436513899, 'precision': 0.6722935441983061, 'recall': 0.7134124486894089, 'f1': 0.6868663972032627, 'best_threshold': 0.5399999999999999}
2025-05-18 23:28:04 - INFO - # of pos preds: 2548, total: 10648
2025-05-18 23:28:04 - INFO - actual # of pos 1906
2025-05-18 23:28:04 - INFO - using avg-logits for ensemble
2025-05-18 23:28:05 - INFO - ('deberta-base', 'sentence-t5-base', 'all-mpnet-base-v2') ensemble: {'accuracy': 0.8184635612321562, 'precision': 0.6904809080780143, 'recall': 0.6882049917382116, 'f1': 0.6893273602922576, 'best_threshold': 0.59}
2025-05-18 23:28:05 - INFO - # of pos preds: 1877, total: 10648
2025-05-18 23:28:05 - INFO - actual # of pos 1906
2025-05-18 23:28:05 - INFO - using avg-logits for ensemble
2025-05-18 23:28:06 - INFO - ('deberta-base', 'bge-base-en-v1.5', 'all-mpnet-base-v2') ensemble: {'accuracy': 0.8035311795642374, 'precision': 0.6776245880123734, 'recall': 0.7020860085419426, 'f1': 0.6878573636580452, 'best_threshold': 0.5599999999999999}
2025-05-18 23:28:06 - INFO - # of pos preds: 2260, total: 10648
2025-05-18 23:28:06 - INFO - actual # of pos 1906
2025-05-18 23:28:06 - INFO - using avg-logits for ensemble
2025-05-18 23:28:08 - INFO - ('roberta-base', 'all-MiniLM-L12-v2', 'sentence-t5-base') ensemble: {'accuracy': 0.8024042073628851, 'precision': 0.6805093133166528, 'recall': 0.7143231299106507, 'f1': 0.6936647204194932, 'best_threshold': 0.58}
2025-05-18 23:28:08 - INFO - # of pos preds: 2398, total: 10648
2025-05-18 23:28:08 - INFO - actual # of pos 1906
2025-05-18 23:28:08 - INFO - using avg-logits for ensemble
2025-05-18 23:28:09 - INFO - ('roberta-base', 'all-MiniLM-L12-v2', 'bge-base-en-v1.5') ensemble: {'accuracy': 0.7964876033057852, 'precision': 0.6770780101852015, 'recall': 0.7189252089093359, 'f1': 0.6920461102247062, 'best_threshold': 0.58}
2025-05-18 23:28:09 - INFO - # of pos preds: 2541, total: 10648
2025-05-18 23:28:09 - INFO - actual # of pos 1906
2025-05-18 23:28:09 - INFO - using avg-logits for ensemble
2025-05-18 23:28:10 - INFO - ('roberta-base', 'all-MiniLM-L12-v2', 'all-mpnet-base-v2') ensemble: {'accuracy': 0.8120773854244928, 'precision': 0.6879199670941442, 'recall': 0.7077010358503761, 'f1': 0.696608124751355, 'best_threshold': 0.6}
2025-05-18 23:28:10 - INFO - # of pos preds: 2173, total: 10648
2025-05-18 23:28:10 - INFO - actual # of pos 1906
2025-05-18 23:28:10 - INFO - using avg-logits for ensemble
2025-05-18 23:28:12 - INFO - ('roberta-base', 'sentence-t5-base', 'bge-base-en-v1.5') ensemble: {'accuracy': 0.803061607813674, 'precision': 0.6763617552446198, 'recall': 0.699543555096874, 'f1': 0.6861407806200992, 'best_threshold': 0.59}
2025-05-18 23:28:12 - INFO - # of pos preds: 2243, total: 10648
2025-05-18 23:28:12 - INFO - actual # of pos 1906
2025-05-18 23:28:12 - INFO - using avg-logits for ensemble
2025-05-18 23:28:13 - INFO - ('roberta-base', 'sentence-t5-base', 'all-mpnet-base-v2') ensemble: {'accuracy': 0.8183696468820436, 'precision': 0.6909712878747107, 'recall': 0.6908145429561382, 'f1': 0.6908928417574705, 'best_threshold': 0.61}
2025-05-18 23:28:13 - INFO - # of pos preds: 1904, total: 10648
2025-05-18 23:28:13 - INFO - actual # of pos 1906
2025-05-18 23:28:13 - INFO - using avg-logits for ensemble
2025-05-18 23:28:15 - INFO - ('roberta-base', 'bge-base-en-v1.5', 'all-mpnet-base-v2') ensemble: {'accuracy': 0.8135800150262961, 'precision': 0.6864778681832391, 'recall': 0.6963080980890218, 'f1': 0.6910933841295979, 'best_threshold': 0.61}
2025-05-18 23:28:15 - INFO - # of pos preds: 2037, total: 10648
2025-05-18 23:28:15 - INFO - actual # of pos 1906
2025-05-18 23:28:15 - INFO - using avg-logits for ensemble
2025-05-18 23:28:16 - INFO - ('all-MiniLM-L12-v2', 'sentence-t5-base', 'bge-base-en-v1.5') ensemble: {'accuracy': 0.8124530428249437, 'precision': 0.6824541435249523, 'recall': 0.6863907111715751, 'f1': 0.6843728846088621, 'best_threshold': 0.59}
2025-05-18 23:28:16 - INFO - # of pos preds: 1959, total: 10648
2025-05-18 23:28:16 - INFO - actual # of pos 1906
2025-05-18 23:28:16 - INFO - using avg-logits for ensemble
2025-05-18 23:28:17 - INFO - ('all-MiniLM-L12-v2', 'sentence-t5-base', 'all-mpnet-base-v2') ensemble: {'accuracy': 0.8047520661157025, 'precision': 0.67716255945765, 'recall': 0.6968806497465049, 'f1': 0.6857213131615782, 'best_threshold': 0.5599999999999999}
2025-05-18 23:28:17 - INFO - # of pos preds: 2189, total: 10648
2025-05-18 23:28:17 - INFO - actual # of pos 1906
2025-05-18 23:28:17 - INFO - using avg-logits for ensemble
2025-05-18 23:28:19 - INFO - ('all-MiniLM-L12-v2', 'bge-base-en-v1.5', 'all-mpnet-base-v2') ensemble: {'accuracy': 0.8059729526671675, 'precision': 0.6768403306311728, 'recall': 0.6918804252870501, 'f1': 0.6836030768159826, 'best_threshold': 0.58}
2025-05-18 23:28:19 - INFO - # of pos preds: 2120, total: 10648
2025-05-18 23:28:19 - INFO - actual # of pos 1906
2025-05-18 23:28:19 - INFO - using avg-logits for ensemble
2025-05-18 23:28:20 - INFO - ('sentence-t5-base', 'bge-base-en-v1.5', 'all-mpnet-base-v2') ensemble: {'accuracy': 0.7983658903080391, 'precision': 0.6645889292780605, 'recall': 0.6780165730298642, 'f1': 0.6706333288109134, 'best_threshold': 0.57}
2025-05-18 23:28:20 - INFO - # of pos preds: 2111, total: 10648
2025-05-18 23:28:20 - INFO - actual # of pos 1906
2025-05-18 23:28:20 - INFO - using avg-logits for ensemble
2025-05-18 23:28:22 - INFO - ('deberta-base', 'roberta-base', 'all-MiniLM-L12-v2', 'sentence-t5-base') ensemble: {'accuracy': 0.8068181818181818, 'precision': 0.6848735153603487, 'recall': 0.7153702272657982, 'f1': 0.6971815459519671, 'best_threshold': 0.58}
2025-05-18 23:28:22 - INFO - # of pos preds: 2335, total: 10648
2025-05-18 23:28:22 - INFO - actual # of pos 1906
2025-05-18 23:28:22 - INFO - using avg-logits for ensemble
2025-05-18 23:28:23 - INFO - ('deberta-base', 'roberta-base', 'all-MiniLM-L12-v2', 'bge-base-en-v1.5') ensemble: {'accuracy': 0.8091660405709993, 'precision': 0.6849697592353468, 'recall': 0.7079793295648151, 'f1': 0.6948083928504429, 'best_threshold': 0.6}
2025-05-18 23:28:23 - INFO - # of pos preds: 2224, total: 10648
2025-05-18 23:28:23 - INFO - actual # of pos 1906
2025-05-18 23:28:23 - INFO - using avg-logits for ensemble
2025-05-18 23:28:25 - INFO - ('deberta-base', 'roberta-base', 'all-MiniLM-L12-v2', 'all-mpnet-base-v2') ensemble: {'accuracy': 0.8082268970698723, 'precision': 0.6884246054691814, 'recall': 0.7227924532650208, 'f1': 0.7019670282283477, 'best_threshold': 0.57}
2025-05-18 23:28:25 - INFO - # of pos preds: 2384, total: 10648
2025-05-18 23:28:25 - INFO - actual # of pos 1906
2025-05-18 23:28:25 - INFO - using avg-logits for ensemble
2025-05-18 23:28:27 - INFO - ('deberta-base', 'roberta-base', 'sentence-t5-base', 'bge-base-en-v1.5') ensemble: {'accuracy': 0.8065364387678438, 'precision': 0.6839935489747921, 'recall': 0.7133524327923981, 'f1': 0.6959309277713133, 'best_threshold': 0.58}
2025-05-18 23:28:27 - INFO - # of pos preds: 2320, total: 10648
2025-05-18 23:28:27 - INFO - actual # of pos 1906
2025-05-18 23:28:27 - INFO - using avg-logits for ensemble
2025-05-18 23:28:29 - INFO - ('deberta-base', 'roberta-base', 'sentence-t5-base', 'all-mpnet-base-v2') ensemble: {'accuracy': 0.8117017280240421, 'precision': 0.6873417797126711, 'recall': 0.7070619865790051, 'f1': 0.6960016442411128, 'best_threshold': 0.58}
2025-05-18 23:28:29 - INFO - # of pos preds: 2173, total: 10648
2025-05-18 23:28:29 - INFO - actual # of pos 1906
2025-05-18 23:28:29 - INFO - using avg-logits for ensemble
2025-05-18 23:28:30 - INFO - ('deberta-base', 'roberta-base', 'bge-base-en-v1.5', 'all-mpnet-base-v2') ensemble: {'accuracy': 0.8112321562734786, 'precision': 0.6869952814184851, 'recall': 0.7075965481736803, 'f1': 0.6959821796881445, 'best_threshold': 0.59}
2025-05-18 23:28:30 - INFO - # of pos preds: 2186, total: 10648
2025-05-18 23:28:30 - INFO - actual # of pos 1906
2025-05-18 23:28:30 - INFO - using avg-logits for ensemble
2025-05-18 23:28:32 - INFO - ('deberta-base', 'all-MiniLM-L12-v2', 'sentence-t5-base', 'bge-base-en-v1.5') ensemble: {'accuracy': 0.8050338091660406, 'precision': 0.6807030010987923, 'recall': 0.7073089519952045, 'f1': 0.6916979377173502, 'best_threshold': 0.5599999999999999}
2025-05-18 23:28:32 - INFO - # of pos preds: 2286, total: 10648
2025-05-18 23:28:32 - INFO - actual # of pos 1906
2025-05-18 23:28:32 - INFO - using avg-logits for ensemble
2025-05-18 23:28:34 - INFO - ('deberta-base', 'all-MiniLM-L12-v2', 'sentence-t5-base', 'all-mpnet-base-v2') ensemble: {'accuracy': 0.8146130728775357, 'precision': 0.6895757739757199, 'recall': 0.7035015434888393, 'f1': 0.6959509798816157, 'best_threshold': 0.57}
2025-05-18 23:28:34 - INFO - # of pos preds: 2090, total: 10648
2025-05-18 23:28:34 - INFO - actual # of pos 1906
2025-05-18 23:28:34 - INFO - using avg-logits for ensemble
2025-05-18 23:28:35 - INFO - ('deberta-base', 'all-MiniLM-L12-v2', 'bge-base-en-v1.5', 'all-mpnet-base-v2') ensemble: {'accuracy': 0.8047520661157025, 'precision': 0.6816001132471072, 'recall': 0.711034918929326, 'f1': 0.6935081909526679, 'best_threshold': 0.5499999999999999}
2025-05-18 23:28:35 - INFO - # of pos preds: 2327, total: 10648
2025-05-18 23:28:35 - INFO - actual # of pos 1906
2025-05-18 23:28:35 - INFO - using avg-logits for ensemble
2025-05-18 23:28:37 - INFO - ('deberta-base', 'sentence-t5-base', 'bge-base-en-v1.5', 'all-mpnet-base-v2') ensemble: {'accuracy': 0.8029676934635612, 'precision': 0.6771119662047549, 'recall': 0.7021531063148007, 'f1': 0.6875293175063558, 'best_threshold': 0.5499999999999999}
2025-05-18 23:28:37 - INFO - # of pos preds: 2270, total: 10648
2025-05-18 23:28:37 - INFO - actual # of pos 1906
2025-05-18 23:28:37 - INFO - using avg-logits for ensemble
2025-05-18 23:28:39 - INFO - ('roberta-base', 'all-MiniLM-L12-v2', 'sentence-t5-base', 'bge-base-en-v1.5') ensemble: {'accuracy': 0.8174305033809166, 'precision': 0.6904680308716279, 'recall': 0.6937298751693348, 'f1': 0.6920669450420214, 'best_threshold': 0.61}
2025-05-18 23:28:39 - INFO - # of pos preds: 1948, total: 10648
2025-05-18 23:28:39 - INFO - actual # of pos 1906
2025-05-18 23:28:39 - INFO - using avg-logits for ensemble
2025-05-18 23:28:41 - INFO - ('roberta-base', 'all-MiniLM-L12-v2', 'sentence-t5-base', 'all-mpnet-base-v2') ensemble: {'accuracy': 0.8190270473328325, 'precision': 0.6932577739029352, 'recall': 0.6969586704126189, 'f1': 0.695067853423474, 'best_threshold': 0.6}
2025-05-18 23:28:41 - INFO - # of pos preds: 1953, total: 10648
2025-05-18 23:28:41 - INFO - actual # of pos 1906
2025-05-18 23:28:41 - INFO - using avg-logits for ensemble
2025-05-18 23:28:42 - INFO - ('roberta-base', 'all-MiniLM-L12-v2', 'bge-base-en-v1.5', 'all-mpnet-base-v2') ensemble: {'accuracy': 0.8136739293764087, 'precision': 0.6874820215245747, 'recall': 0.6996474426145998, 'f1': 0.6931092396152871, 'best_threshold': 0.6}
2025-05-18 23:28:42 - INFO - # of pos preds: 2068, total: 10648
2025-05-18 23:28:42 - INFO - actual # of pos 1906
2025-05-18 23:28:42 - INFO - using avg-logits for ensemble
2025-05-18 23:28:44 - INFO - ('roberta-base', 'sentence-t5-base', 'bge-base-en-v1.5', 'all-mpnet-base-v2') ensemble: {'accuracy': 0.814519158527423, 'precision': 0.6864328593617457, 'recall': 0.6919568255239448, 'f1': 0.6891002278401049, 'best_threshold': 0.6}
2025-05-18 23:28:44 - INFO - # of pos preds: 1979, total: 10648
2025-05-18 23:28:44 - INFO - actual # of pos 1906
2025-05-18 23:28:44 - INFO - using avg-logits for ensemble
2025-05-18 23:28:46 - INFO - ('all-MiniLM-L12-v2', 'sentence-t5-base', 'bge-base-en-v1.5', 'all-mpnet-base-v2') ensemble: {'accuracy': 0.7954545454545454, 'precision': 0.6706239896540576, 'recall': 0.7027058527262702, 'f1': 0.6830005464814006, 'best_threshold': 0.5399999999999999}
2025-05-18 23:28:46 - INFO - # of pos preds: 2400, total: 10648
2025-05-18 23:28:46 - INFO - actual # of pos 1906
2025-05-18 23:28:46 - INFO - using avg-logits for ensemble
2025-05-18 23:28:48 - INFO - ('deberta-base', 'roberta-base', 'all-MiniLM-L12-v2', 'sentence-t5-base', 'bge-base-en-v1.5') ensemble: {'accuracy': 0.8165852742299023, 'precision': 0.6915915981412734, 'recall': 0.7024461639399044, 'f1': 0.6966672884861052, 'best_threshold': 0.6}
2025-05-18 23:28:48 - INFO - # of pos preds: 2047, total: 10648
2025-05-18 23:28:48 - INFO - actual # of pos 1906
2025-05-18 23:28:48 - INFO - using avg-logits for ensemble
2025-05-18 23:28:50 - INFO - ('deberta-base', 'roberta-base', 'all-MiniLM-L12-v2', 'sentence-t5-base', 'all-mpnet-base-v2') ensemble: {'accuracy': 0.8109504132231405, 'precision': 0.6883392566644561, 'recall': 0.7133738584676309, 'f1': 0.6989330651155401, 'best_threshold': 0.57}
2025-05-18 23:28:50 - INFO - # of pos preds: 2247, total: 10648
2025-05-18 23:28:50 - INFO - actual # of pos 1906
2025-05-18 23:28:50 - INFO - using avg-logits for ensemble
2025-05-18 23:28:52 - INFO - ('deberta-base', 'roberta-base', 'all-MiniLM-L12-v2', 'bge-base-en-v1.5', 'all-mpnet-base-v2') ensemble: {'accuracy': 0.8072877535687453, 'precision': 0.6855283177279772, 'recall': 0.7160664716870204, 'f1': 0.6978640836843782, 'best_threshold': 0.57}
2025-05-18 23:28:52 - INFO - # of pos preds: 2334, total: 10648
2025-05-18 23:28:52 - INFO - actual # of pos 1906
2025-05-18 23:28:52 - INFO - using avg-logits for ensemble
2025-05-18 23:28:54 - INFO - ('deberta-base', 'roberta-base', 'sentence-t5-base', 'bge-base-en-v1.5', 'all-mpnet-base-v2') ensemble: {'accuracy': 0.8151765589782118, 'precision': 0.6890312507699313, 'recall': 0.6989214903243571, 'f1': 0.6936788925182111, 'best_threshold': 0.59}
2025-05-18 23:28:54 - INFO - # of pos preds: 2036, total: 10648
2025-05-18 23:28:54 - INFO - actual # of pos 1906
2025-05-18 23:28:54 - INFO - using avg-logits for ensemble
2025-05-18 23:28:56 - INFO - ('deberta-base', 'all-MiniLM-L12-v2', 'sentence-t5-base', 'bge-base-en-v1.5', 'all-mpnet-base-v2') ensemble: {'accuracy': 0.8062546957175056, 'precision': 0.682168009943001, 'recall': 0.7082576232792541, 'f1': 0.6930199168322846, 'best_threshold': 0.5499999999999999}
2025-05-18 23:28:56 - INFO - # of pos preds: 2275, total: 10648
2025-05-18 23:28:56 - INFO - actual # of pos 1906
2025-05-18 23:28:56 - INFO - using avg-logits for ensemble
2025-05-18 23:28:58 - INFO - ('roberta-base', 'all-MiniLM-L12-v2', 'sentence-t5-base', 'bge-base-en-v1.5', 'all-mpnet-base-v2') ensemble: {'accuracy': 0.819496619083396, 'precision': 0.6934528341390993, 'recall': 0.6951933028020463, 'f1': 0.6943141518355948, 'best_threshold': 0.6}
2025-05-18 23:28:58 - INFO - # of pos preds: 1928, total: 10648
2025-05-18 23:28:58 - INFO - actual # of pos 1906
2025-05-18 23:28:58 - INFO - using avg-logits for ensemble
2025-05-18 23:29:00 - INFO - ('deberta-base', 'roberta-base', 'all-MiniLM-L12-v2', 'sentence-t5-base', 'bge-base-en-v1.5', 'all-mpnet-base-v2') ensemble: {'accuracy': 0.8134861006761833, 'precision': 0.6887302142792125, 'recall': 0.7050716793864359, 'f1': 0.6960861418430462, 'best_threshold': 0.58}
2025-05-18 23:29:00 - INFO - # of pos preds: 2124, total: 10648
2025-05-18 23:29:00 - INFO - actual # of pos 1906
2025-05-18 23:29:00 - INFO - BEST subset for hard, avg-logits
2025-05-18 23:29:00 - INFO -       ('deberta-base', 'roberta-base', 'all-MiniLM-L12-v2', 'all-mpnet-base-v2'), F1: 0.7019670282283477
2025-05-18 23:50:34 - INFO - using avg-probs for ensemble
2025-05-18 23:50:36 - INFO - ('deberta-base', 'roberta-base', 'all-MiniLM-L12-v2') ensemble: {'accuracy': 0.8117017280240421, 'precision': 0.6868828141520703, 'recall': 0.7054209118911416, 'f1': 0.6950878648805254, 'best_threshold': 0.62}
2025-05-18 23:50:36 - INFO - # of pos preds: 2157, total: 10648
2025-05-18 23:50:36 - INFO - actual # of pos 1906
2025-05-18 23:50:36 - INFO - using avg-probs for ensemble
2025-05-18 23:50:37 - INFO - ('deberta-base', 'roberta-base', 'sentence-t5-base') ensemble: {'accuracy': 0.8088842975206612, 'precision': 0.6863824478510769, 'recall': 0.7137566398587658, 'f1': 0.697732317222405, 'best_threshold': 0.59}
2025-05-18 23:50:37 - INFO - # of pos preds: 2285, total: 10648
2025-05-18 23:50:37 - INFO - actual # of pos 1906
2025-05-18 23:50:37 - INFO - using avg-probs for ensemble
2025-05-18 23:50:38 - INFO - ('deberta-base', 'roberta-base', 'bge-base-en-v1.5') ensemble: {'accuracy': 0.8034372652141247, 'precision': 0.6822172810647881, 'recall': 0.7167984855828612, 'f1': 0.6956357100603252, 'best_threshold': 0.59}
2025-05-18 23:50:38 - INFO - # of pos preds: 2405, total: 10648
2025-05-18 23:50:38 - INFO - actual # of pos 1906
2025-05-18 23:50:39 - INFO - using avg-probs for ensemble
2025-05-18 23:50:40 - INFO - ('deberta-base', 'roberta-base', 'all-mpnet-base-v2') ensemble: {'accuracy': 0.8160217881292261, 'precision': 0.6926212474151635, 'recall': 0.7090775604642158, 'f1': 0.700046689593636, 'best_threshold': 0.6}
2025-05-18 23:50:40 - INFO - # of pos preds: 2121, total: 10648
2025-05-18 23:50:40 - INFO - actual # of pos 1906
2025-05-18 23:50:40 - INFO - using avg-probs for ensemble
2025-05-18 23:50:41 - INFO - ('deberta-base', 'all-MiniLM-L12-v2', 'sentence-t5-base') ensemble: {'accuracy': 0.8117017280240421, 'precision': 0.6875139367173999, 'recall': 0.7076773895869538, 'f1': 0.6963423309521315, 'best_threshold': 0.57}
2025-05-18 23:50:41 - INFO - # of pos preds: 2179, total: 10648
2025-05-18 23:50:41 - INFO - actual # of pos 1906
2025-05-18 23:50:41 - INFO - using avg-probs for ensemble
2025-05-18 23:50:43 - INFO - ('deberta-base', 'all-MiniLM-L12-v2', 'bge-base-en-v1.5') ensemble: {'accuracy': 0.8119834710743802, 'precision': 0.6860926265442986, 'recall': 0.7014898106210373, 'f1': 0.6930533717151681, 'best_threshold': 0.59}
2025-05-18 23:50:43 - INFO - # of pos preds: 2114, total: 10648
2025-05-18 23:50:43 - INFO - actual # of pos 1906
2025-05-18 23:50:43 - INFO - using avg-probs for ensemble
2025-05-18 23:50:44 - INFO - ('deberta-base', 'all-MiniLM-L12-v2', 'all-mpnet-base-v2') ensemble: {'accuracy': 0.8164913598797896, 'precision': 0.6920862927159569, 'recall': 0.7048505808218481, 'f1': 0.6979839051264226, 'best_threshold': 0.58}
2025-05-18 23:50:44 - INFO - # of pos preds: 2072, total: 10648
2025-05-18 23:50:44 - INFO - actual # of pos 1906
2025-05-18 23:50:44 - INFO - using avg-probs for ensemble
2025-05-18 23:50:45 - INFO - ('deberta-base', 'sentence-t5-base', 'bge-base-en-v1.5') ensemble: {'accuracy': 0.7938580015026296, 'precision': 0.6728096100490868, 'recall': 0.7126056549858927, 'f1': 0.6871335158306169, 'best_threshold': 0.5399999999999999}
2025-05-18 23:50:45 - INFO - # of pos preds: 2523, total: 10648
2025-05-18 23:50:45 - INFO - actual # of pos 1906
2025-05-18 23:50:45 - INFO - using avg-probs for ensemble
2025-05-18 23:50:47 - INFO - ('deberta-base', 'sentence-t5-base', 'all-mpnet-base-v2') ensemble: {'accuracy': 0.8221262208865515, 'precision': 0.6951148482620363, 'recall': 0.6863329158627537, 'f1': 0.6904991666151019, 'best_threshold': 0.59}
2025-05-18 23:50:47 - INFO - # of pos preds: 1798, total: 10648
2025-05-18 23:50:47 - INFO - actual # of pos 1906
2025-05-18 23:50:47 - INFO - using avg-probs for ensemble
2025-05-18 23:50:48 - INFO - ('deberta-base', 'bge-base-en-v1.5', 'all-mpnet-base-v2') ensemble: {'accuracy': 0.8056912096168295, 'precision': 0.6796172836320211, 'recall': 0.701760422300659, 'f1': 0.6890797103434305, 'best_threshold': 0.5599999999999999}
2025-05-18 23:50:48 - INFO - # of pos preds: 2221, total: 10648
2025-05-18 23:50:48 - INFO - actual # of pos 1906
2025-05-18 23:50:48 - INFO - using avg-probs for ensemble
2025-05-18 23:50:50 - INFO - ('roberta-base', 'all-MiniLM-L12-v2', 'sentence-t5-base') ensemble: {'accuracy': 0.8081329827197595, 'precision': 0.6837425354550098, 'recall': 0.7073501829164509, 'f1': 0.6937751319330808, 'best_threshold': 0.59}
2025-05-18 23:50:50 - INFO - # of pos preds: 2235, total: 10648
2025-05-18 23:50:50 - INFO - actual # of pos 1906
2025-05-18 23:50:50 - INFO - using avg-probs for ensemble
2025-05-18 23:50:51 - INFO - ('roberta-base', 'all-MiniLM-L12-v2', 'bge-base-en-v1.5') ensemble: {'accuracy': 0.7981780616078137, 'precision': 0.6772630332274272, 'recall': 0.715441766215035, 'f1': 0.6914215659997975, 'best_threshold': 0.58}
2025-05-18 23:50:51 - INFO - # of pos preds: 2479, total: 10648
2025-05-18 23:50:51 - INFO - actual # of pos 1906
2025-05-18 23:50:51 - INFO - using avg-probs for ensemble
2025-05-18 23:50:52 - INFO - ('roberta-base', 'all-MiniLM-L12-v2', 'all-mpnet-base-v2') ensemble: {'accuracy': 0.8139556724267468, 'precision': 0.6891638533019158, 'recall': 0.7047422521277436, 'f1': 0.6962151030506927, 'best_threshold': 0.6}
2025-05-18 23:50:52 - INFO - # of pos preds: 2113, total: 10648
2025-05-18 23:50:52 - INFO - actual # of pos 1906
2025-05-18 23:50:52 - INFO - using avg-probs for ensemble
2025-05-18 23:50:54 - INFO - ('roberta-base', 'sentence-t5-base', 'bge-base-en-v1.5') ensemble: {'accuracy': 0.8048459804658151, 'precision': 0.6769513314967861, 'recall': 0.6959121732164415, 'f1': 0.6852276945929576, 'best_threshold': 0.59}
2025-05-18 23:50:54 - INFO - # of pos preds: 2178, total: 10648
2025-05-18 23:50:54 - INFO - actual # of pos 1906
2025-05-18 23:50:54 - INFO - using avg-probs for ensemble
2025-05-18 23:50:55 - INFO - ('roberta-base', 'sentence-t5-base', 'all-mpnet-base-v2') ensemble: {'accuracy': 0.8147069872276483, 'precision': 0.687869436524468, 'recall': 0.6965841712152715, 'f1': 0.6919938336322496, 'best_threshold': 0.59}
2025-05-18 23:50:55 - INFO - # of pos preds: 2021, total: 10648
2025-05-18 23:50:55 - INFO - actual # of pos 1906
2025-05-18 23:50:55 - INFO - using avg-probs for ensemble
2025-05-18 23:50:56 - INFO - ('roberta-base', 'bge-base-en-v1.5', 'all-mpnet-base-v2') ensemble: {'accuracy': 0.8175244177310294, 'precision': 0.6906997982714013, 'recall': 0.694197338991152, 'f1': 0.6924118312295446, 'best_threshold': 0.61}
2025-05-18 23:50:56 - INFO - # of pos preds: 1951, total: 10648
2025-05-18 23:50:56 - INFO - actual # of pos 1906
2025-05-18 23:50:56 - INFO - using avg-probs for ensemble
2025-05-18 23:50:58 - INFO - ('all-MiniLM-L12-v2', 'sentence-t5-base', 'bge-base-en-v1.5') ensemble: {'accuracy': 0.814237415477085, 'precision': 0.6839359714608625, 'recall': 0.6837850009710572, 'f1': 0.6838604141656032, 'best_threshold': 0.59}
2025-05-18 23:50:58 - INFO - # of pos preds: 1904, total: 10648
2025-05-18 23:50:58 - INFO - actual # of pos 1906
2025-05-18 23:50:58 - INFO - using avg-probs for ensemble
2025-05-18 23:50:59 - INFO - ('all-MiniLM-L12-v2', 'sentence-t5-base', 'all-mpnet-base-v2') ensemble: {'accuracy': 0.8025920360631105, 'precision': 0.6757554438868072, 'recall': 0.6990524450116347, 'f1': 0.6855647324218206, 'best_threshold': 0.5499999999999999}
2025-05-18 23:50:59 - INFO - # of pos preds: 2246, total: 10648
2025-05-18 23:50:59 - INFO - actual # of pos 1906
2025-05-18 23:50:59 - INFO - using avg-probs for ensemble
2025-05-18 23:51:01 - INFO - ('all-MiniLM-L12-v2', 'bge-base-en-v1.5', 'all-mpnet-base-v2') ensemble: {'accuracy': 0.8079451540195342, 'precision': 0.6781759830341336, 'recall': 0.6893891053862347, 'f1': 0.6833664861818005, 'best_threshold': 0.58}
2025-05-18 23:51:01 - INFO - # of pos preds: 2063, total: 10648
2025-05-18 23:51:01 - INFO - actual # of pos 1906
2025-05-18 23:51:01 - INFO - using avg-probs for ensemble
2025-05-18 23:51:02 - INFO - ('sentence-t5-base', 'bge-base-en-v1.5', 'all-mpnet-base-v2') ensemble: {'accuracy': 0.7961119459053343, 'precision': 0.6637156473301317, 'recall': 0.6815671134970231, 'f1': 0.6714468792616448, 'best_threshold': 0.5599999999999999}
2025-05-18 23:51:02 - INFO - # of pos preds: 2183, total: 10648
2025-05-18 23:51:02 - INFO - actual # of pos 1906
2025-05-18 23:51:02 - INFO - using avg-probs for ensemble
2025-05-18 23:51:04 - INFO - ('deberta-base', 'roberta-base', 'all-MiniLM-L12-v2', 'sentence-t5-base') ensemble: {'accuracy': 0.8198722764838468, 'precision': 0.6952068736274407, 'recall': 0.7007555761370072, 'f1': 0.6978917576961858, 'best_threshold': 0.61}
2025-05-18 23:51:04 - INFO - # of pos preds: 1976, total: 10648
2025-05-18 23:51:04 - INFO - actual # of pos 1906
2025-05-18 23:51:04 - INFO - using avg-probs for ensemble
2025-05-18 23:51:05 - INFO - ('deberta-base', 'roberta-base', 'all-MiniLM-L12-v2', 'bge-base-en-v1.5') ensemble: {'accuracy': 0.8158339594290007, 'precision': 0.6909064067298694, 'recall': 0.7032194087569915, 'f1': 0.6966081112161016, 'best_threshold': 0.61}
2025-05-18 23:51:05 - INFO - # of pos preds: 2067, total: 10648
2025-05-18 23:51:05 - INFO - actual # of pos 1906
2025-05-18 23:51:05 - INFO - using avg-probs for ensemble
2025-05-18 23:51:07 - INFO - ('deberta-base', 'roberta-base', 'all-MiniLM-L12-v2', 'all-mpnet-base-v2') ensemble: {'accuracy': 0.8091660405709993, 'precision': 0.688873163575065, 'recall': 0.7213130614037047, 'f1': 0.7018639346448889, 'best_threshold': 0.57}
2025-05-18 23:51:07 - INFO - # of pos preds: 2354, total: 10648
2025-05-18 23:51:07 - INFO - actual # of pos 1906
2025-05-18 23:51:07 - INFO - using avg-probs for ensemble
2025-05-18 23:51:09 - INFO - ('deberta-base', 'roberta-base', 'sentence-t5-base', 'bge-base-en-v1.5') ensemble: {'accuracy': 0.8032494365138994, 'precision': 0.6818834704042627, 'recall': 0.7162738266111928, 'f1': 0.6952393516000517, 'best_threshold': 0.57}
2025-05-18 23:51:09 - INFO - # of pos preds: 2403, total: 10648
2025-05-18 23:51:09 - INFO - actual # of pos 1906
2025-05-18 23:51:09 - INFO - using avg-probs for ensemble
2025-05-18 23:51:11 - INFO - ('deberta-base', 'roberta-base', 'sentence-t5-base', 'all-mpnet-base-v2') ensemble: {'accuracy': 0.8172426746806912, 'precision': 0.6920676373316125, 'recall': 0.7012054553010001, 'f1': 0.6963882805716414, 'best_threshold': 0.59}
2025-05-18 23:51:11 - INFO - # of pos preds: 2024, total: 10648
2025-05-18 23:51:11 - INFO - actual # of pos 1906
2025-05-18 23:51:11 - INFO - using avg-probs for ensemble
2025-05-18 23:51:12 - INFO - ('deberta-base', 'roberta-base', 'bge-base-en-v1.5', 'all-mpnet-base-v2') ensemble: {'accuracy': 0.8100112697220135, 'precision': 0.6862781282390245, 'recall': 0.7095197575933914, 'f1': 0.6962159816546973, 'best_threshold': 0.58}
2025-05-18 23:51:12 - INFO - # of pos preds: 2225, total: 10648
2025-05-18 23:51:12 - INFO - actual # of pos 1906
2025-05-18 23:51:12 - INFO - using avg-probs for ensemble
2025-05-18 23:51:14 - INFO - ('deberta-base', 'all-MiniLM-L12-v2', 'sentence-t5-base', 'bge-base-en-v1.5') ensemble: {'accuracy': 0.8070999248685199, 'precision': 0.6825265069610912, 'recall': 0.7067210362680867, 'f1': 0.6927449859155184, 'best_threshold': 0.5599999999999999}
2025-05-18 23:51:14 - INFO - # of pos preds: 2246, total: 10648
2025-05-18 23:51:14 - INFO - actual # of pos 1906
2025-05-18 23:51:14 - INFO - using avg-probs for ensemble
2025-05-18 23:51:16 - INFO - ('deberta-base', 'all-MiniLM-L12-v2', 'sentence-t5-base', 'all-mpnet-base-v2') ensemble: {'accuracy': 0.8143313298271976, 'precision': 0.6904073931794725, 'recall': 0.7078429134309095, 'f1': 0.698208955519162, 'best_threshold': 0.5599999999999999}
2025-05-18 23:51:16 - INFO - # of pos preds: 2137, total: 10648
2025-05-18 23:51:16 - INFO - actual # of pos 1906
2025-05-18 23:51:16 - INFO - using avg-probs for ensemble
2025-05-18 23:51:18 - INFO - ('deberta-base', 'all-MiniLM-L12-v2', 'bge-base-en-v1.5', 'all-mpnet-base-v2') ensemble: {'accuracy': 0.8101051840721262, 'precision': 0.6860952753073495, 'recall': 0.7085512810633281, 'f1': 0.6957504488086785, 'best_threshold': 0.5599999999999999}
2025-05-18 23:51:18 - INFO - # of pos preds: 2214, total: 10648
2025-05-18 23:51:18 - INFO - actual # of pos 1906
2025-05-18 23:51:18 - INFO - using avg-probs for ensemble
2025-05-18 23:51:19 - INFO - ('deberta-base', 'sentence-t5-base', 'bge-base-en-v1.5', 'all-mpnet-base-v2') ensemble: {'accuracy': 0.7967693463561232, 'precision': 0.6744824139225366, 'recall': 0.7106862865835902, 'f1': 0.6880535251701634, 'best_threshold': 0.5299999999999999}
2025-05-18 23:51:19 - INFO - # of pos preds: 2456, total: 10648
2025-05-18 23:51:19 - INFO - actual # of pos 1906
2025-05-18 23:51:19 - INFO - using avg-probs for ensemble
2025-05-18 23:51:21 - INFO - ('roberta-base', 'all-MiniLM-L12-v2', 'sentence-t5-base', 'bge-base-en-v1.5') ensemble: {'accuracy': 0.8115138993238167, 'precision': 0.6854987046664377, 'recall': 0.7012038348717808, 'f1': 0.6925800510747381, 'best_threshold': 0.59}
2025-05-18 23:51:21 - INFO - # of pos preds: 2119, total: 10648
2025-05-18 23:51:21 - INFO - actual # of pos 1906
2025-05-18 23:51:21 - INFO - using avg-probs for ensemble
2025-05-18 23:51:23 - INFO - ('roberta-base', 'all-MiniLM-L12-v2', 'sentence-t5-base', 'all-mpnet-base-v2') ensemble: {'accuracy': 0.8150826446280992, 'precision': 0.6902397557660974, 'recall': 0.7039926535740787, 'f1': 0.6965458783640601, 'best_threshold': 0.58}
2025-05-18 23:51:23 - INFO - # of pos preds: 2087, total: 10648
2025-05-18 23:51:23 - INFO - actual # of pos 1906
2025-05-18 23:51:23 - INFO - using avg-probs for ensemble
2025-05-18 23:51:25 - INFO - ('roberta-base', 'all-MiniLM-L12-v2', 'bge-base-en-v1.5', 'all-mpnet-base-v2') ensemble: {'accuracy': 0.8134861006761833, 'precision': 0.687900386309214, 'recall': 0.7019946643466921, 'f1': 0.6943378815911193, 'best_threshold': 0.59}
2025-05-18 23:51:25 - INFO - # of pos preds: 2094, total: 10648
2025-05-18 23:51:25 - INFO - actual # of pos 1906
2025-05-18 23:51:25 - INFO - using avg-probs for ensemble
2025-05-18 23:51:26 - INFO - ('roberta-base', 'sentence-t5-base', 'bge-base-en-v1.5', 'all-mpnet-base-v2') ensemble: {'accuracy': 0.8144252441773103, 'precision': 0.6868983433868929, 'recall': 0.6941561080699056, 'f1': 0.6903644650518399, 'best_threshold': 0.59}
2025-05-18 23:51:26 - INFO - # of pos preds: 2002, total: 10648
2025-05-18 23:51:26 - INFO - actual # of pos 1906
2025-05-18 23:51:26 - INFO - using avg-probs for ensemble
2025-05-18 23:51:28 - INFO - ('all-MiniLM-L12-v2', 'sentence-t5-base', 'bge-base-en-v1.5', 'all-mpnet-base-v2') ensemble: {'accuracy': 0.7974267468069121, 'precision': 0.6724992774962029, 'recall': 0.7032915478651985, 'f1': 0.6845773310312854, 'best_threshold': 0.5399999999999999}
2025-05-18 23:51:28 - INFO - # of pos preds: 2373, total: 10648
2025-05-18 23:51:28 - INFO - actual # of pos 1906
2025-05-18 23:51:28 - INFO - using avg-probs for ensemble
2025-05-18 23:51:30 - INFO - ('deberta-base', 'roberta-base', 'all-MiniLM-L12-v2', 'sentence-t5-base', 'bge-base-en-v1.5') ensemble: {'accuracy': 0.8148009015777611, 'precision': 0.6900347849527632, 'recall': 0.7044364711324735, 'f1': 0.6966091951133258, 'best_threshold': 0.59}
2025-05-18 23:51:30 - INFO - # of pos preds: 2096, total: 10648
2025-05-18 23:51:30 - INFO - actual # of pos 1906
2025-05-18 23:51:30 - INFO - using avg-probs for ensemble
2025-05-18 23:51:32 - INFO - ('deberta-base', 'roberta-base', 'all-MiniLM-L12-v2', 'sentence-t5-base', 'all-mpnet-base-v2') ensemble: {'accuracy': 0.805221637866266, 'precision': 0.686072220185213, 'recall': 0.7240392235095232, 'f1': 0.7005171447119924, 'best_threshold': 0.5499999999999999}
2025-05-18 23:51:32 - INFO - # of pos preds: 2446, total: 10648
2025-05-18 23:51:32 - INFO - actual # of pos 1906
2025-05-18 23:51:32 - INFO - using avg-probs for ensemble
2025-05-18 23:51:34 - INFO - ('deberta-base', 'roberta-base', 'all-MiniLM-L12-v2', 'bge-base-en-v1.5', 'all-mpnet-base-v2') ensemble: {'accuracy': 0.8099173553719008, 'precision': 0.688181783457757, 'recall': 0.7164371298669592, 'f1': 0.6998524856830893, 'best_threshold': 0.57}
2025-05-18 23:51:34 - INFO - # of pos preds: 2294, total: 10648
2025-05-18 23:51:34 - INFO - actual # of pos 1906
2025-05-18 23:51:34 - INFO - using avg-probs for ensemble
2025-05-18 23:51:37 - INFO - ('deberta-base', 'roberta-base', 'sentence-t5-base', 'bge-base-en-v1.5', 'all-mpnet-base-v2') ensemble: {'accuracy': 0.8050338091660406, 'precision': 0.6812142849558507, 'recall': 0.7089500266830678, 'f1': 0.6925826141752467, 'best_threshold': 0.5599999999999999}
2025-05-18 23:51:37 - INFO - # of pos preds: 2302, total: 10648
2025-05-18 23:51:37 - INFO - actual # of pos 1906
2025-05-18 23:51:37 - INFO - using avg-probs for ensemble
2025-05-18 23:51:39 - INFO - ('deberta-base', 'all-MiniLM-L12-v2', 'sentence-t5-base', 'bge-base-en-v1.5', 'all-mpnet-base-v2') ensemble: {'accuracy': 0.804282494365139, 'precision': 0.6818477031475099, 'recall': 0.7132105552118645, 'f1': 0.6943420691672112, 'best_threshold': 0.5399999999999999}
2025-05-18 23:51:39 - INFO - # of pos preds: 2356, total: 10648
2025-05-18 23:51:39 - INFO - actual # of pos 1906
2025-05-18 23:51:39 - INFO - using avg-probs for ensemble
2025-05-18 23:51:41 - INFO - ('roberta-base', 'all-MiniLM-L12-v2', 'sentence-t5-base', 'bge-base-en-v1.5', 'all-mpnet-base-v2') ensemble: {'accuracy': 0.8177122464312547, 'precision': 0.6912614856984127, 'recall': 0.695542535306752, 'f1': 0.6933471990384039, 'best_threshold': 0.59}
2025-05-18 23:51:41 - INFO - # of pos preds: 1961, total: 10648
2025-05-18 23:51:41 - INFO - actual # of pos 1906
2025-05-18 23:51:41 - INFO - using avg-probs for ensemble
2025-05-18 23:51:43 - INFO - ('deberta-base', 'roberta-base', 'all-MiniLM-L12-v2', 'sentence-t5-base', 'bge-base-en-v1.5', 'all-mpnet-base-v2') ensemble: {'accuracy': 0.8123591284748309, 'precision': 0.6888923513041316, 'recall': 0.7101290989957421, 'f1': 0.6981343977993286, 'best_threshold': 0.57}
2025-05-18 23:51:43 - INFO - # of pos preds: 2192, total: 10648
2025-05-18 23:51:43 - INFO - actual # of pos 1906
2025-05-18 23:51:43 - INFO - using avg-logits for ensemble
2025-05-18 23:51:45 - INFO - ('deberta-base', 'roberta-base', 'all-MiniLM-L12-v2') ensemble: {'accuracy': 0.7932006010518408, 'precision': 0.6777280549357354, 'recall': 0.7280006328076181, 'f1': 0.6942262534927375, 'best_threshold': 0.57}
2025-05-18 23:51:45 - INFO - # of pos preds: 2684, total: 10648
2025-05-18 23:51:45 - INFO - actual # of pos 1906
2025-05-18 23:51:45 - INFO - using avg-logits for ensemble
2025-05-18 23:51:46 - INFO - ('deberta-base', 'roberta-base', 'sentence-t5-base') ensemble: {'accuracy': 0.8109504132231405, 'precision': 0.6875820772268464, 'recall': 0.7107071120998529, 'f1': 0.6974951459262086, 'best_threshold': 0.6}
2025-05-18 23:51:46 - INFO - # of pos preds: 2221, total: 10648
2025-05-18 23:51:46 - INFO - actual # of pos 1906
2025-05-18 23:51:46 - INFO - using avg-logits for ensemble
2025-05-18 23:51:47 - INFO - ('deberta-base', 'roberta-base', 'bge-base-en-v1.5') ensemble: {'accuracy': 0.8018407212622088, 'precision': 0.6817597435866884, 'recall': 0.7197237204190645, 'f1': 0.6960446385496692, 'best_threshold': 0.59}
2025-05-18 23:51:47 - INFO - # of pos preds: 2460, total: 10648
2025-05-18 23:51:47 - INFO - actual # of pos 1906
2025-05-18 23:51:47 - INFO - using avg-logits for ensemble
2025-05-18 23:51:49 - INFO - ('deberta-base', 'roberta-base', 'all-mpnet-base-v2') ensemble: {'accuracy': 0.8129226145755072, 'precision': 0.6895856250309493, 'recall': 0.7104722698948498, 'f1': 0.6987047273327283, 'best_threshold': 0.6}
2025-05-18 23:51:49 - INFO - # of pos preds: 2186, total: 10648
2025-05-18 23:51:49 - INFO - actual # of pos 1906
2025-05-18 23:51:49 - INFO - using avg-logits for ensemble
2025-05-18 23:51:50 - INFO - ('deberta-base', 'all-MiniLM-L12-v2', 'sentence-t5-base') ensemble: {'accuracy': 0.8100112697220135, 'precision': 0.6863964687960659, 'recall': 0.7099300262653572, 'f1': 0.6964391081913117, 'best_threshold': 0.57}
2025-05-18 23:51:50 - INFO - # of pos preds: 2229, total: 10648
2025-05-18 23:51:50 - INFO - actual # of pos 1906
2025-05-18 23:51:50 - INFO - using avg-logits for ensemble
2025-05-18 23:51:52 - INFO - ('deberta-base', 'all-MiniLM-L12-v2', 'bge-base-en-v1.5') ensemble: {'accuracy': 0.8010894064613073, 'precision': 0.6792961255548956, 'recall': 0.7141378008206813, 'f1': 0.6926909925974827, 'best_threshold': 0.5599999999999999}
2025-05-18 23:51:52 - INFO - # of pos preds: 2418, total: 10648
2025-05-18 23:51:52 - INFO - actual # of pos 1906
2025-05-18 23:51:52 - INFO - using avg-logits for ensemble
2025-05-18 23:51:53 - INFO - ('deberta-base', 'all-MiniLM-L12-v2', 'all-mpnet-base-v2') ensemble: {'accuracy': 0.8132043576258452, 'precision': 0.6884283085949783, 'recall': 0.7051052282728649, 'f1': 0.6959161648764896, 'best_threshold': 0.58}
2025-05-18 23:51:53 - INFO - # of pos preds: 2129, total: 10648
2025-05-18 23:51:53 - INFO - actual # of pos 1906
2025-05-18 23:51:53 - INFO - using avg-logits for ensemble
2025-05-18 23:51:54 - INFO - ('deberta-base', 'sentence-t5-base', 'bge-base-en-v1.5') ensemble: {'accuracy': 0.7930127723516154, 'precision': 0.6725515049324573, 'recall': 0.7137319733250944, 'f1': 0.68715028986219, 'best_threshold': 0.5399999999999999}
2025-05-18 23:51:54 - INFO - # of pos preds: 2548, total: 10648
2025-05-18 23:51:54 - INFO - actual # of pos 1906
2025-05-18 23:51:54 - INFO - using avg-logits for ensemble
2025-05-18 23:51:56 - INFO - ('deberta-base', 'sentence-t5-base', 'all-mpnet-base-v2') ensemble: {'accuracy': 0.8053155522163786, 'precision': 0.679367682754699, 'recall': 0.7021470447092026, 'f1': 0.689050509585707, 'best_threshold': 0.5499999999999999}
2025-05-18 23:51:56 - INFO - # of pos preds: 2231, total: 10648
2025-05-18 23:51:56 - INFO - actual # of pos 1906
2025-05-18 23:51:56 - INFO - using avg-logits for ensemble
2025-05-18 23:51:57 - INFO - ('deberta-base', 'bge-base-en-v1.5', 'all-mpnet-base-v2') ensemble: {'accuracy': 0.8040007513148009, 'precision': 0.6783592127556564, 'recall': 0.7029873872991479, 'f1': 0.6886599565350202, 'best_threshold': 0.5599999999999999}
2025-05-18 23:51:57 - INFO - # of pos preds: 2261, total: 10648
2025-05-18 23:51:57 - INFO - actual # of pos 1906
2025-05-18 23:51:57 - INFO - using avg-logits for ensemble
2025-05-18 23:51:59 - INFO - ('roberta-base', 'all-MiniLM-L12-v2', 'sentence-t5-base') ensemble: {'accuracy': 0.8023102930127723, 'precision': 0.6805398901262244, 'recall': 0.7146762034327653, 'f1': 0.6937846468344193, 'best_threshold': 0.58}
2025-05-18 23:51:59 - INFO - # of pos preds: 2403, total: 10648
2025-05-18 23:51:59 - INFO - actual # of pos 1906
2025-05-18 23:51:59 - INFO - using avg-logits for ensemble
2025-05-18 23:52:00 - INFO - ('roberta-base', 'all-MiniLM-L12-v2', 'bge-base-en-v1.5') ensemble: {'accuracy': 0.7966754320060105, 'precision': 0.6774065469361892, 'recall': 0.7194498678810043, 'f1': 0.6924321324723004, 'best_threshold': 0.58}
2025-05-18 23:52:00 - INFO - # of pos preds: 2543, total: 10648
2025-05-18 23:52:00 - INFO - actual # of pos 1906
2025-05-18 23:52:00 - INFO - using avg-logits for ensemble
2025-05-18 23:52:01 - INFO - ('roberta-base', 'all-MiniLM-L12-v2', 'all-mpnet-base-v2') ensemble: {'accuracy': 0.8116078136739294, 'precision': 0.6872259733165076, 'recall': 0.7070047914291537, 'f1': 0.6959069083023544, 'best_threshold': 0.6}
2025-05-18 23:52:01 - INFO - # of pos preds: 2174, total: 10648
2025-05-18 23:52:01 - INFO - actual # of pos 1906
2025-05-18 23:52:01 - INFO - using avg-logits for ensemble
2025-05-18 23:52:03 - INFO - ('roberta-base', 'sentence-t5-base', 'bge-base-en-v1.5') ensemble: {'accuracy': 0.8029676934635612, 'precision': 0.6763857820708354, 'recall': 0.6998966286189886, 'f1': 0.6862775894371672, 'best_threshold': 0.59}
2025-05-18 23:52:03 - INFO - # of pos preds: 2248, total: 10648
2025-05-18 23:52:03 - INFO - actual # of pos 1906
2025-05-18 23:52:03 - INFO - using avg-logits for ensemble
2025-05-18 23:52:04 - INFO - ('roberta-base', 'sentence-t5-base', 'all-mpnet-base-v2') ensemble: {'accuracy': 0.8116078136739294, 'precision': 0.6852726809021198, 'recall': 0.7000302240057346, 'f1': 0.6919694515158528, 'best_threshold': 0.59}
2025-05-18 23:52:04 - INFO - # of pos preds: 2106, total: 10648
2025-05-18 23:52:04 - INFO - actual # of pos 1906
2025-05-18 23:52:04 - INFO - using avg-logits for ensemble
2025-05-18 23:52:05 - INFO - ('roberta-base', 'bge-base-en-v1.5', 'all-mpnet-base-v2') ensemble: {'accuracy': 0.8136739293764087, 'precision': 0.6868220397193859, 'recall': 0.6971858305828047, 'f1': 0.6916717822078413, 'best_threshold': 0.61}
2025-05-18 23:52:05 - INFO - # of pos preds: 2044, total: 10648
2025-05-18 23:52:05 - INFO - actual # of pos 1906
2025-05-18 23:52:05 - INFO - using avg-logits for ensemble
2025-05-18 23:52:07 - INFO - ('all-MiniLM-L12-v2', 'sentence-t5-base', 'bge-base-en-v1.5') ensemble: {'accuracy': 0.8125469571750563, 'precision': 0.6827515265567877, 'recall': 0.6870633093293752, 'f1': 0.6848481181850993, 'best_threshold': 0.59}
2025-05-18 23:52:07 - INFO - # of pos preds: 1964, total: 10648
2025-05-18 23:52:07 - INFO - actual # of pos 1906
2025-05-18 23:52:07 - INFO - using avg-logits for ensemble
2025-05-18 23:52:08 - INFO - ('all-MiniLM-L12-v2', 'sentence-t5-base', 'all-mpnet-base-v2') ensemble: {'accuracy': 0.8046581517655897, 'precision': 0.6771158474266102, 'recall': 0.6970285889326364, 'f1': 0.6857455192305324, 'best_threshold': 0.5599999999999999}
2025-05-18 23:52:08 - INFO - # of pos preds: 2192, total: 10648
2025-05-18 23:52:08 - INFO - actual # of pos 1906
2025-05-18 23:52:08 - INFO - using avg-logits for ensemble
2025-05-18 23:52:10 - INFO - ('all-MiniLM-L12-v2', 'bge-base-en-v1.5', 'all-mpnet-base-v2') ensemble: {'accuracy': 0.8054094665664914, 'precision': 0.6758925616083655, 'recall': 0.6907167170440106, 'f1': 0.6825632587062157, 'best_threshold': 0.58}
2025-05-18 23:52:10 - INFO - # of pos preds: 2118, total: 10648
2025-05-18 23:52:10 - INFO - actual # of pos 1906
2025-05-18 23:52:10 - INFO - using avg-logits for ensemble
2025-05-18 23:52:11 - INFO - ('sentence-t5-base', 'bge-base-en-v1.5', 'all-mpnet-base-v2') ensemble: {'accuracy': 0.7983658903080391, 'precision': 0.6645889292780605, 'recall': 0.6780165730298642, 'f1': 0.6706333288109134, 'best_threshold': 0.57}
2025-05-18 23:52:11 - INFO - # of pos preds: 2111, total: 10648
2025-05-18 23:52:11 - INFO - actual # of pos 1906
2025-05-18 23:52:11 - INFO - using avg-logits for ensemble
2025-05-18 23:52:13 - INFO - ('deberta-base', 'roberta-base', 'all-MiniLM-L12-v2', 'sentence-t5-base') ensemble: {'accuracy': 0.806442524417731, 'precision': 0.6845126113255178, 'recall': 0.7153465810023759, 'f1': 0.6969147073872021, 'best_threshold': 0.58}
2025-05-18 23:52:13 - INFO - # of pos preds: 2341, total: 10648
2025-05-18 23:52:13 - INFO - actual # of pos 1906
2025-05-18 23:52:13 - INFO - using avg-logits for ensemble
2025-05-18 23:52:15 - INFO - ('deberta-base', 'roberta-base', 'all-MiniLM-L12-v2', 'bge-base-en-v1.5') ensemble: {'accuracy': 0.8023102930127723, 'precision': 0.6814640985441835, 'recall': 0.717548084136526, 'f1': 0.6952592863122269, 'best_threshold': 0.58}
2025-05-18 23:52:15 - INFO - # of pos preds: 2431, total: 10648
2025-05-18 23:52:15 - INFO - actual # of pos 1906
2025-05-18 23:52:15 - INFO - using avg-logits for ensemble
2025-05-18 23:52:16 - INFO - ('deberta-base', 'roberta-base', 'all-MiniLM-L12-v2', 'all-mpnet-base-v2') ensemble: {'accuracy': 0.8110443275732532, 'precision': 0.6899069429425821, 'recall': 0.7185594120170551, 'f1': 0.7017391362941101, 'best_threshold': 0.58}
2025-05-18 23:52:16 - INFO - # of pos preds: 2296, total: 10648
2025-05-18 23:52:16 - INFO - actual # of pos 1906
2025-05-18 23:52:16 - INFO - using avg-logits for ensemble
2025-05-18 23:52:18 - INFO - ('deberta-base', 'roberta-base', 'sentence-t5-base', 'bge-base-en-v1.5') ensemble: {'accuracy': 0.8105747558226897, 'precision': 0.6868373708683424, 'recall': 0.7094526598205333, 'f1': 0.6965587767698164, 'best_threshold': 0.59}
2025-05-18 23:52:18 - INFO - # of pos preds: 2215, total: 10648
2025-05-18 23:52:18 - INFO - actual # of pos 1906
2025-05-18 23:52:18 - INFO - using avg-logits for ensemble
2025-05-18 23:52:20 - INFO - ('deberta-base', 'roberta-base', 'sentence-t5-base', 'all-mpnet-base-v2') ensemble: {'accuracy': 0.8116078136739294, 'precision': 0.6872834562295174, 'recall': 0.7072099257651367, 'f1': 0.6960205869144601, 'best_threshold': 0.58}
2025-05-18 23:52:20 - INFO - # of pos preds: 2176, total: 10648
2025-05-18 23:52:20 - INFO - actual # of pos 1906
2025-05-18 23:52:20 - INFO - using avg-logits for ensemble
2025-05-18 23:52:22 - INFO - ('deberta-base', 'roberta-base', 'bge-base-en-v1.5', 'all-mpnet-base-v2') ensemble: {'accuracy': 0.814237415477085, 'precision': 0.6894704682507589, 'recall': 0.7047087032413145, 'f1': 0.696385183970442, 'best_threshold': 0.6}
2025-05-18 23:52:22 - INFO - # of pos preds: 2108, total: 10648
2025-05-18 23:52:22 - INFO - actual # of pos 1906
2025-05-18 23:52:22 - INFO - using avg-logits for ensemble
2025-05-18 23:52:23 - INFO - ('deberta-base', 'all-MiniLM-L12-v2', 'sentence-t5-base', 'bge-base-en-v1.5') ensemble: {'accuracy': 0.8017468069120962, 'precision': 0.6790682082374675, 'recall': 0.7116662861658796, 'f1': 0.6918426591670048, 'best_threshold': 0.5499999999999999}
2025-05-18 23:52:23 - INFO - # of pos preds: 2383, total: 10648
2025-05-18 23:52:23 - INFO - actual # of pos 1906
2025-05-18 23:52:23 - INFO - using avg-logits for ensemble
2025-05-18 23:52:25 - INFO - ('deberta-base', 'all-MiniLM-L12-v2', 'sentence-t5-base', 'all-mpnet-base-v2') ensemble: {'accuracy': 0.8116078136739294, 'precision': 0.6873409418863964, 'recall': 0.7074150601011195, 'f1': 0.6961341459833845, 'best_threshold': 0.5599999999999999}
2025-05-18 23:52:25 - INFO - # of pos preds: 2178, total: 10648
2025-05-18 23:52:25 - INFO - actual # of pos 1906
2025-05-18 23:52:25 - INFO - using avg-logits for ensemble
2025-05-18 23:52:27 - INFO - ('deberta-base', 'all-MiniLM-L12-v2', 'bge-base-en-v1.5', 'all-mpnet-base-v2') ensemble: {'accuracy': 0.8078512396694215, 'precision': 0.6836550174734719, 'recall': 0.7079991348108288, 'f1': 0.6939416948311345, 'best_threshold': 0.5599999999999999}
2025-05-18 23:52:27 - INFO - # of pos preds: 2246, total: 10648
2025-05-18 23:52:27 - INFO - actual # of pos 1906
2025-05-18 23:52:27 - INFO - using avg-logits for ensemble
2025-05-18 23:52:28 - INFO - ('deberta-base', 'sentence-t5-base', 'bge-base-en-v1.5', 'all-mpnet-base-v2') ensemble: {'accuracy': 0.8027798647633358, 'precision': 0.6768320217729884, 'recall': 0.7018335816791152, 'f1': 0.68723144268987, 'best_threshold': 0.5499999999999999}
2025-05-18 23:52:28 - INFO - # of pos preds: 2270, total: 10648
2025-05-18 23:52:28 - INFO - actual # of pos 1906
2025-05-18 23:52:28 - INFO - using avg-logits for ensemble
2025-05-18 23:52:30 - INFO - ('roberta-base', 'all-MiniLM-L12-v2', 'sentence-t5-base', 'bge-base-en-v1.5') ensemble: {'accuracy': 0.8170548459804658, 'precision': 0.6899910266471612, 'recall': 0.6937062289059126, 'f1': 0.691806957673184, 'best_threshold': 0.61}
2025-05-18 23:52:30 - INFO - # of pos preds: 1954, total: 10648
2025-05-18 23:52:30 - INFO - actual # of pos 1906
2025-05-18 23:52:30 - INFO - using avg-logits for ensemble
2025-05-18 23:52:32 - INFO - ('roberta-base', 'all-MiniLM-L12-v2', 'sentence-t5-base', 'all-mpnet-base-v2') ensemble: {'accuracy': 0.8192148760330579, 'precision': 0.6937140896961775, 'recall': 0.6978935980562532, 'f1': 0.695752530231377, 'best_threshold': 0.6}
2025-05-18 23:52:32 - INFO - # of pos preds: 1959, total: 10648
2025-05-18 23:52:32 - INFO - actual # of pos 1906
2025-05-18 23:52:32 - INFO - using avg-logits for ensemble
2025-05-18 23:52:34 - INFO - ('roberta-base', 'all-MiniLM-L12-v2', 'bge-base-en-v1.5', 'all-mpnet-base-v2') ensemble: {'accuracy': 0.8101990984222389, 'precision': 0.6850290301867787, 'recall': 0.7045057894935209, 'f1': 0.6935757222001442, 'best_threshold': 0.59}
2025-05-18 23:52:34 - INFO - # of pos preds: 2173, total: 10648
2025-05-18 23:52:34 - INFO - actual # of pos 1906
2025-05-18 23:52:34 - INFO - using avg-logits for ensemble
2025-05-18 23:52:36 - INFO - ('roberta-base', 'sentence-t5-base', 'bge-base-en-v1.5', 'all-mpnet-base-v2') ensemble: {'accuracy': 0.8148948159278738, 'precision': 0.6871602213738881, 'recall': 0.6930061434672816, 'f1': 0.6899777996642422, 'best_threshold': 0.6}
2025-05-18 23:52:36 - INFO - # of pos preds: 1983, total: 10648
2025-05-18 23:52:36 - INFO - actual # of pos 1906
2025-05-18 23:52:36 - INFO - using avg-logits for ensemble
2025-05-18 23:52:38 - INFO - ('all-MiniLM-L12-v2', 'sentence-t5-base', 'bge-base-en-v1.5', 'all-mpnet-base-v2') ensemble: {'accuracy': 0.7959241172051089, 'precision': 0.6713321017822946, 'recall': 0.7036072314834754, 'f1': 0.6837830971714267, 'best_threshold': 0.5399999999999999}
2025-05-18 23:52:38 - INFO - # of pos preds: 2401, total: 10648
2025-05-18 23:52:38 - INFO - actual # of pos 1906
2025-05-18 23:52:38 - INFO - using avg-logits for ensemble
2025-05-18 23:52:40 - INFO - ('deberta-base', 'roberta-base', 'all-MiniLM-L12-v2', 'sentence-t5-base', 'bge-base-en-v1.5') ensemble: {'accuracy': 0.8170548459804658, 'precision': 0.6924239896969799, 'recall': 0.7035526770330924, 'f1': 0.6976210052212165, 'best_threshold': 0.6}
2025-05-18 23:52:40 - INFO - # of pos preds: 2050, total: 10648
2025-05-18 23:52:40 - INFO - actual # of pos 1906
2025-05-18 23:52:40 - INFO - using avg-logits for ensemble
2025-05-18 23:52:43 - INFO - ('deberta-base', 'roberta-base', 'all-MiniLM-L12-v2', 'sentence-t5-base', 'all-mpnet-base-v2') ensemble: {'accuracy': 0.8143313298271976, 'precision': 0.6908979224872783, 'recall': 0.7096891224547559, 'f1': 0.6992328264634472, 'best_threshold': 0.58}
2025-05-18 23:52:43 - INFO - # of pos preds: 2155, total: 10648
2025-05-18 23:52:43 - INFO - actual # of pos 1906
2025-05-18 23:52:43 - INFO - using avg-logits for ensemble
2025-05-18 23:52:45 - INFO - ('deberta-base', 'roberta-base', 'all-MiniLM-L12-v2', 'bge-base-en-v1.5', 'all-mpnet-base-v2') ensemble: {'accuracy': 0.8074755822689706, 'precision': 0.6856794355691727, 'recall': 0.7159757276507401, 'f1': 0.6979443767317925, 'best_threshold': 0.57}
2025-05-18 23:52:45 - INFO - # of pos preds: 2330, total: 10648
2025-05-18 23:52:45 - INFO - actual # of pos 1906
2025-05-18 23:52:45 - INFO - using avg-logits for ensemble
2025-05-18 23:52:47 - INFO - ('deberta-base', 'roberta-base', 'sentence-t5-base', 'bge-base-en-v1.5', 'all-mpnet-base-v2') ensemble: {'accuracy': 0.8153643876784372, 'precision': 0.6894936748909662, 'recall': 0.6998564179679914, 'f1': 0.6943495788809984, 'best_threshold': 0.59}
2025-05-18 23:52:47 - INFO - # of pos preds: 2042, total: 10648
2025-05-18 23:52:47 - INFO - actual # of pos 1906
2025-05-18 23:52:47 - INFO - using avg-logits for ensemble
2025-05-18 23:52:49 - INFO - ('deberta-base', 'all-MiniLM-L12-v2', 'sentence-t5-base', 'bge-base-en-v1.5', 'all-mpnet-base-v2') ensemble: {'accuracy': 0.8061607813673929, 'precision': 0.6822483559451333, 'recall': 0.7088158311373516, 'f1': 0.6932590058237805, 'best_threshold': 0.5499999999999999}
2025-05-18 23:52:49 - INFO - # of pos preds: 2282, total: 10648
2025-05-18 23:52:49 - INFO - actual # of pos 1906
2025-05-18 23:52:49 - INFO - using avg-logits for ensemble
2025-05-18 23:52:51 - INFO - ('roberta-base', 'all-MiniLM-L12-v2', 'sentence-t5-base', 'bge-base-en-v1.5', 'all-mpnet-base-v2') ensemble: {'accuracy': 0.8196844477836214, 'precision': 0.6939098110019916, 'recall': 0.6961282304456804, 'f1': 0.6950045829514206, 'best_threshold': 0.6}
2025-05-18 23:52:51 - INFO - # of pos preds: 1934, total: 10648
2025-05-18 23:52:51 - INFO - actual # of pos 1906
2025-05-18 23:52:51 - INFO - using avg-logits for ensemble
2025-05-18 23:52:54 - INFO - ('deberta-base', 'roberta-base', 'all-MiniLM-L12-v2', 'sentence-t5-base', 'bge-base-en-v1.5', 'all-mpnet-base-v2') ensemble: {'accuracy': 0.8133921863260706, 'precision': 0.6887218529729722, 'recall': 0.7054247529085504, 'f1': 0.696221930422114, 'best_threshold': 0.58}
2025-05-18 23:52:54 - INFO - # of pos preds: 2129, total: 10648
2025-05-18 23:52:54 - INFO - actual # of pos 1906
2025-05-18 23:52:54 - INFO - BEST subset for hard, avg-logits (weighted)
2025-05-18 23:52:54 - INFO -       ('deberta-base', 'roberta-base', 'all-MiniLM-L12-v2', 'all-mpnet-base-v2'), F1: 0.7018639346448889


BEST subset for hard, avg-logits (unweighted)
('deberta-base', 'roberta-base', 'all-MiniLM-L12-v2', 'all-mpnet-base-v2'), F1: 0.7019670282283477
