2025-05-08 22:40:48 - INFO - using maj-vote for ensemble
2025-05-08 22:40:48 - INFO - running inference with sentence-transformers/all-MiniLM-L12-v2
2025-05-08 22:41:46 - INFO -      val loss: 0.5647448690679241, output 0.00038108567241579294
2025-05-08 22:41:47 - INFO -      {'accuracy': 0.9124621840538695, 'precision': 0.8691208592055784, 'recall': 0.8726363900529701, 'f1': 0.8708600036307614, 'best_threshold': 0.95}
2025-05-08 22:41:47 - INFO - running inference with microsoft/deberta-base
2025-05-08 22:44:57 - INFO -      val loss: 0.6470467075915067, output 0.00021006989118177444
2025-05-08 22:44:57 - INFO -      {'accuracy': 0.9167561237435347, 'precision': 0.8716399401763242, 'recall': 0.8875826503285346, 'f1': 0.8792289613689654, 'best_threshold': 0.94}
2025-05-08 22:44:57 - INFO - running inference with roberta-base
2025-05-08 22:47:17 - INFO -      val loss: 1.0499941605827394, output 0.0008440240053460002
2025-05-08 22:47:18 - INFO -      {'accuracy': 0.920854884356397, 'precision': 0.8816955939174872, 'recall': 0.8845817320511556, 'f1': 0.8831266575323297, 'best_threshold': 0.95}
2025-05-08 22:47:18 - INFO - running inference with sentence-transformers/sentence-t5-base
2025-05-08 22:47:21 - INFO - Use pytorch device_name: cuda:0
2025-05-08 22:47:21 - INFO - Load pretrained SentenceTransformer: sentence-transformers/sentence-t5-base
2025-05-08 22:48:17 - INFO -      val loss: 0.5202472894772723, output 2.6118161144950136e-07
2025-05-08 22:48:18 - INFO -      {'accuracy': 0.911974236361862, 'precision': 0.888166048044797, 'recall': 0.8406405331994371, 'f1': 0.8612671867114208, 'best_threshold': 0.95}
2025-05-08 22:48:18 - INFO - running inference with BAAI/bge-base-en-v1.5
2025-05-08 22:48:20 - INFO - Use pytorch device_name: cuda:0
2025-05-08 22:48:20 - INFO - Load pretrained SentenceTransformer: BAAI/bge-base-en-v1.5
2025-05-08 22:49:17 - INFO -      val loss: 0.533864150910956, output 0.0008214198751375079
2025-05-08 22:49:17 - INFO -      {'accuracy': 0.9001659022152825, 'precision': 0.8662589525239193, 'recall': 0.8258600902601951, 'f1': 0.8436138838636259, 'best_threshold': 0.9299999999999999}
2025-05-08 22:49:17 - INFO - ensemble {'accuracy': 0.9228066751244267, 'precision': 0.8780778903216051, 'recall': 0.9018321841596193, 'f1': 0.8891210057631824, 'best_threshold': -1}
2025-05-08 22:49:17 - INFO - # of pos preds: 2398, total: 10247 (actual # of pos 2201)
