2025-05-08 23:28:09 - INFO - using avg-logits for ensemble
2025-05-08 23:28:09 - INFO - running inference with sentence-transformers/all-MiniLM-L12-v2
2025-05-08 23:28:59 - INFO -      val loss: 1.4137500757469288, output -7.984377384185791
2025-05-08 23:28:59 - INFO -      {'accuracy': 0.7910405709992487, 'precision': 0.6605310446018464, 'recall': 0.6850428741565066, 'f1': 0.6704594243620866, 'best_threshold': 0.6599999999999999}
2025-05-08 23:28:59 - INFO - running inference with microsoft/deberta-base
2025-05-08 23:32:10 - INFO -      val loss: 1.5039062502240907, output -9.566438674926758
2025-05-08 23:32:11 - INFO -      {'accuracy': 0.7858752817430503, 'precision': 0.6498987193866019, 'recall': 0.6687685434117789, 'f1': 0.657812201628839, 'best_threshold': 0.16999999999999998}
2025-05-08 23:32:11 - INFO - running inference with roberta-base
2025-05-08 23:34:36 - INFO -      val loss: 1.847741317345564, output -9.691571235656738
2025-05-08 23:34:36 - INFO -      {'accuracy': 0.7941397445529677, 'precision': 0.6541556797575645, 'recall': 0.660878253431769, 'f1': 0.6573326568196339, 'best_threshold': 0.20999999999999996}
2025-05-08 23:34:36 - INFO - running inference with sentence-transformers/sentence-t5-base
2025-05-08 23:34:36 - INFO - Use pytorch device_name: cuda:0
2025-05-08 23:34:36 - INFO - Load pretrained SentenceTransformer: sentence-transformers/sentence-t5-base
2025-05-08 23:35:20 - INFO -      val loss: 1.23059350079755, output -11.26883316040039
2025-05-08 23:35:20 - INFO -      {'accuracy': 0.7830578512396694, 'precision': 0.6346883098025199, 'recall': 0.6389492848865808, 'f1': 0.6367284040872352, 'best_threshold': 0.4099999999999999}
2025-05-08 23:35:20 - INFO - running inference with BAAI/bge-base-en-v1.5
2025-05-08 23:35:20 - INFO - Use pytorch device_name: cuda:0
2025-05-08 23:35:20 - INFO - Load pretrained SentenceTransformer: BAAI/bge-base-en-v1.5
2025-05-08 23:36:04 - INFO -      val loss: 1.1344459374454823, output -7.365227699279785
2025-05-08 23:36:05 - INFO -      {'accuracy': 0.778831705484598, 'precision': 0.6293497795674549, 'recall': 0.6351446971273751, 'f1': 0.6320694699154547, 'best_threshold': 0.42999999999999994}
2025-05-08 23:36:05 - INFO - ensemble {'accuracy': 0.7941397445529677, 'precision': 0.6659544059398161, 'recall': 0.6926740755091209, 'f1': 0.6766770865107485, 'best_threshold': 0.08}
2025-05-08 23:36:05 - INFO - # of pos preds: 2324, total: 10648
2025-05-08 23:36:05 - INFO - actual # of pos 1906
