2025-05-18 23:46:29 - INFO - using avg-logits for ensemble
2025-05-18 23:46:29 - INFO - running inference with microsoft/deberta-base
2025-05-18 23:46:29 - INFO -      {'accuracy': 0.8718551610627792, 'precision': 0.8224224964403968, 'recall': 0.7788123052888765, 'f1': 0.7972389538515532, 'best_threshold': 0.6499999999999999}
2025-05-18 23:46:29 - INFO - running inference with roberta-base
2025-05-18 23:46:30 - INFO -      {'accuracy': 0.8662120855866448, 'precision': 0.8074499681533787, 'recall': 0.783259193998129, 'f1': 0.7942407160928207, 'best_threshold': 0.69}
2025-05-18 23:46:30 - INFO - running inference with sentence-transformers/sentence-t5-base
2025-05-18 23:46:30 - INFO -      {'accuracy': 0.8627635394623403, 'precision': 0.8206985873922747, 'recall': 0.7421615455181246, 'f1': 0.7704178628539283, 'best_threshold': 0.63}
2025-05-18 23:46:30 - INFO - running inference with sentence-transformers/all-mpnet-base-v2
2025-05-18 23:46:30 - INFO -      {'accuracy': 0.8642526843796535, 'precision': 0.8287603331889395, 'recall': 0.7382317550568125, 'f1': 0.7693206411634097, 'best_threshold': 0.73}
2025-05-18 23:46:31 - INFO - ['deberta-base', 'roberta-base', 'sentence-t5-base', 'all-mpnet-base-v2'] ensemble: {'accuracy': 0.8735010580766518, 'precision': 0.8253452749443604, 'recall': 0.7810481294108029, 'f1': 0.7997528190737839, 'best_threshold': 0.59}
2025-05-18 23:46:31 - INFO - # of pos preds: 2266, total: 12759
2025-05-18 23:46:31 - INFO - actual # of pos 2750

2025-05-18 23:47:07 - INFO - using avg-logits for ensemble
2025-05-18 23:47:07 - INFO - running inference with sentence-transformers/all-MiniLM-L12-v2
2025-05-18 23:47:08 - INFO -      {'accuracy': 0.8643310604279332, 'precision': 0.8110850985122857, 'recall': 0.7645224752268414, 'f1': 0.7837672252899494, 'best_threshold': 0.6399999999999999}
2025-05-18 23:47:08 - INFO - running inference with microsoft/deberta-base
2025-05-18 23:47:08 - INFO -      {'accuracy': 0.8718551610627792, 'precision': 0.8224224964403968, 'recall': 0.7788123052888765, 'f1': 0.7972389538515532, 'best_threshold': 0.6499999999999999}
2025-05-18 23:47:08 - INFO - running inference with roberta-base
2025-05-18 23:47:09 - INFO -      {'accuracy': 0.8662120855866448, 'precision': 0.8074499681533787, 'recall': 0.783259193998129, 'f1': 0.7942407160928207, 'best_threshold': 0.69}
2025-05-18 23:47:09 - INFO - running inference with sentence-transformers/sentence-t5-base
2025-05-18 23:47:09 - INFO -      {'accuracy': 0.8627635394623403, 'precision': 0.8206985873922747, 'recall': 0.7421615455181246, 'f1': 0.7704178628539283, 'best_threshold': 0.63}
2025-05-18 23:47:09 - INFO - running inference with BAAI/bge-base-en-v1.5
2025-05-18 23:47:09 - INFO -      {'accuracy': 0.8633121718002978, 'precision': 0.8263774770879233, 'recall': 0.7373685682885402, 'f1': 0.7680393465350202, 'best_threshold': 0.69}
2025-05-18 23:47:09 - INFO - running inference with sentence-transformers/all-mpnet-base-v2
2025-05-18 23:47:10 - INFO -      {'accuracy': 0.8642526843796535, 'precision': 0.8287603331889395, 'recall': 0.7382317550568125, 'f1': 0.7693206411634097, 'best_threshold': 0.73}
2025-05-18 23:47:10 - INFO - ['all-MiniLM-L12-v2', 'deberta-base', 'roberta-base', 'sentence-t5-base', 'bge-base-en-v1.5', 'all-mpnet-base-v2'] ensemble: {'accuracy': 0.872795673642135, 'precision': 0.8237469139014646, 'recall': 0.7807303971879853, 'f1': 0.7989689603232486, 'best_threshold': 0.58}
2025-05-18 23:47:10 - INFO - # of pos preds: 2277, total: 12759
2025-05-18 23:47:10 - INFO - actual # of pos 2750
