2025-05-08 22:08:11 - INFO - using maj-vote for ensemble. requires all 5 models to predict 0 to predict 0 in ensemble.
2025-05-08 22:08:19 - INFO - running inference with sentence-transformers/all-MiniLM-L12-v2
2025-05-08 22:09:12 - INFO -      val loss: 1.133222317907153, output 0.0004104846448171884
2025-05-08 22:09:13 - INFO -      {'accuracy': 0.8510855082686731, 'precision': 0.7861333418021681, 'recall': 0.750409958310248, 'f1': 0.765607088479604, 'best_threshold': 0.94}
2025-05-08 22:09:15 - INFO - running inference with microsoft/deberta-base
2025-05-08 22:13:00 - INFO -      val loss: 1.2101462836322152, output 9.30260939639993e-05
2025-05-08 22:13:01 - INFO -      {'accuracy': 0.8542989262481385, 'precision': 0.7963634147014469, 'recall': 0.7434914213571422, 'f1': 0.7643797905188732, 'best_threshold': 0.94}
2025-05-08 22:13:02 - INFO - running inference with roberta-base
2025-05-08 22:15:53 - INFO -      val loss: 1.6439396509610782, output 0.0004115962947253138
2025-05-08 22:15:54 - INFO -      {'accuracy': 0.8543773022964182, 'precision': 0.794858415528497, 'recall': 0.7472335443555346, 'f1': 0.7665105238885095, 'best_threshold': 0.9099999999999999}
2025-05-08 22:15:54 - INFO - Use pytorch device_name: cuda:0
2025-05-08 22:15:54 - INFO - Load pretrained SentenceTransformer: sentence-transformers/sentence-t5-base
2025-05-08 22:15:56 - INFO - running inference with sentence-transformers/sentence-t5-base
2025-05-08 22:16:45 - INFO -      val loss: 1.060005330118246, output 5.203759792493656e-05
2025-05-08 22:16:45 - INFO -      {'accuracy': 0.8543773022964182, 'precision': 0.8061115054543118, 'recall': 0.727058483728281, 'f1': 0.75471177444472, 'best_threshold': 0.95}
2025-05-08 22:16:48 - INFO - Use pytorch device_name: cuda:0
2025-05-08 22:16:48 - INFO - Load pretrained SentenceTransformer: BAAI/bge-base-en-v1.5
2025-05-08 22:16:52 - INFO - running inference with BAAI/bge-base-en-v1.5
2025-05-08 22:17:42 - INFO -      val loss: 0.9174108379749514, output 0.0004715628456324339
2025-05-08 22:17:42 - INFO -      {'accuracy': 0.8510071322203935, 'precision': 0.794703872278243, 'recall': 0.7299212163598217, 'f1': 0.7539273669106321, 'best_threshold': 0.8899999999999999}
2025-05-08 22:17:42 - INFO - ensemble {'accuracy': 0.8194215847636962, 'precision': 0.7383672039574751, 'recall': 0.7745341374581058, 'f1': 0.7526535813175166, 'best_threshold': -1}
2025-05-08 22:17:42 - INFO - # of pos preds: 3380, total: 12759

LESSON: does worse than requiring 4/5 models to predict 0. Overpredicts 1 class now.
